This is XeTeX, Version 3.141592653-2.6-0.999997 (TeX Live 2025) (preloaded format=xelatex 2025.9.3)  15 JAN 2026 04:53
entering extended mode
 restricted \write18 enabled.
 %&-line parsing enabled.
**/Users/thchuang/Documents/GitHub/PSSmodel/Thesis/Modeling_Streamer_TH.tex
(/Users/thchuang/Documents/GitHub/PSSmodel/Thesis/Modeling_Streamer_TH.tex
LaTeX2e <2024-11-01> patch level 2
L3 programming layer <2025-01-18>
(./NTNUthesis.cls
Document Class: NTNUthesis 
(/usr/local/texlive/2025/texmf-dist/tex/latex/base/report.cls
Document Class: report 2024/06/29 v1.4n Standard LaTeX document class
(/usr/local/texlive/2025/texmf-dist/tex/latex/base/size12.clo
File: size12.clo 2024/06/29 v1.4n Standard LaTeX file (size option)
)
\c@part=\count192
\c@chapter=\count193
\c@section=\count194
\c@subsection=\count195
\c@subsubsection=\count196
\c@paragraph=\count197
\c@subparagraph=\count198
\c@figure=\count199
\c@table=\count266
\abovecaptionskip=\skip49
\belowcaptionskip=\skip50
\bibindent=\dimen141
) (/usr/local/texlive/2025/texmf-dist/tex/latex/geometry/geometry.sty
Package: geometry 2020/01/02 v5.9 Page Geometry
 (/usr/local/texlive/2025/texmf-dist/tex/latex/graphics/keyval.sty
Package: keyval 2022/05/29 v1.15 key=value parser (DPC)
\KV@toks@=\toks17
) (/usr/local/texlive/2025/texmf-dist/tex/generic/iftex/ifvtex.sty
Package: ifvtex 2019/10/25 v1.7 ifvtex legacy package. Use iftex instead.
 (/usr/local/texlive/2025/texmf-dist/tex/generic/iftex/iftex.sty
Package: iftex 2024/12/12 v1.0g TeX engine tests
))
\Gm@cnth=\count267
\Gm@cntv=\count268
\c@Gm@tempcnt=\count269
\Gm@bindingoffset=\dimen142
\Gm@wd@mp=\dimen143
\Gm@odd@mp=\dimen144
\Gm@even@mp=\dimen145
\Gm@layoutwidth=\dimen146
\Gm@layoutheight=\dimen147
\Gm@layouthoffset=\dimen148
\Gm@layoutvoffset=\dimen149
\Gm@dimlist=\toks18
) (/usr/local/texlive/2025/texmf-dist/tex/latex/tools/indentfirst.sty
Package: indentfirst 2023/07/02 v1.03 Indent first paragraph (DPC)
) (/usr/local/texlive/2025/texmf-dist/tex/latex/setspace/setspace.sty
Package: setspace 2022/12/04 v6.7b set line spacing
) (/usr/local/texlive/2025/texmf-dist/tex/latex/cjk/texinput/CJKutf8.sty
Package: CJKutf8 2021/10/16 4.8.5
 (/usr/local/texlive/2025/texmf-dist/tex/generic/iftex/ifpdf.sty
Package: ifpdf 2019/10/25 v3.4 ifpdf legacy package. Use iftex instead.
) (/usr/local/texlive/2025/texmf-dist/tex/latex/base/inputenc.sty
Package: inputenc 2024/02/08 v1.3d Input encoding file
\inpenc@prehook=\toks19
\inpenc@posthook=\toks20


Package inputenc Warning: inputenc package ignored with utf8 based engines.

) (/usr/local/texlive/2025/texmf-dist/tex/latex/cjk/texinput/CJK.sty
Package: CJK 2021/10/16 4.8.5
 (/usr/local/texlive/2025/texmf-dist/tex/latex/cjk/texinput/mule/MULEenc.sty
Package: MULEenc 2021/10/16 4.8.5
) (/usr/local/texlive/2025/texmf-dist/tex/latex/cjk/texinput/CJK.enc
File: CJK.enc 2021/10/16 4.8.5
)
\CJK@indent=\box52
) (/usr/local/texlive/2025/texmf-dist/tex/latex/base/fontenc.sty
Package: fontenc 2021/04/29 v2.0v Standard LaTeX package
)) (/usr/local/texlive/2025/texmf-dist/tex/latex/tocbibind/tocbibind.sty
Package: tocbibind 2010/10/13 v1.5k extra ToC listings
Package tocbibind Info: The document has chapter divisions on input line 50.


Package tocbibind Note: Using chapter style headings, unless overridden.

) (/usr/local/texlive/2025/texmf-dist/tex/latex/hyperref/hyperref.sty
Package: hyperref 2024-11-05 v7.01l Hypertext links for LaTeX
 (/usr/local/texlive/2025/texmf-dist/tex/latex/kvsetkeys/kvsetkeys.sty
Package: kvsetkeys 2022-10-05 v1.19 Key value parser (HO)
) (/usr/local/texlive/2025/texmf-dist/tex/generic/kvdefinekeys/kvdefinekeys.sty
Package: kvdefinekeys 2019-12-19 v1.6 Define keys (HO)
) (/usr/local/texlive/2025/texmf-dist/tex/generic/pdfescape/pdfescape.sty
Package: pdfescape 2019/12/09 v1.15 Implements pdfTeX's escape features (HO)
 (/usr/local/texlive/2025/texmf-dist/tex/generic/ltxcmds/ltxcmds.sty
Package: ltxcmds 2023-12-04 v1.26 LaTeX kernel commands for general use (HO)
) (/usr/local/texlive/2025/texmf-dist/tex/generic/pdftexcmds/pdftexcmds.sty
Package: pdftexcmds 2020-06-27 v0.33 Utility functions of pdfTeX for LuaTeX (HO)
 (/usr/local/texlive/2025/texmf-dist/tex/generic/infwarerr/infwarerr.sty
Package: infwarerr 2019/12/03 v1.5 Providing info/warning/error messages (HO)
)
Package pdftexcmds Info: \pdf@primitive is available.
Package pdftexcmds Info: \pdf@ifprimitive is available.
Package pdftexcmds Info: \pdfdraftmode not found.
)) (/usr/local/texlive/2025/texmf-dist/tex/latex/hycolor/hycolor.sty
Package: hycolor 2020-01-27 v1.10 Color options for hyperref/bookmark (HO)
) (/usr/local/texlive/2025/texmf-dist/tex/latex/hyperref/nameref.sty
Package: nameref 2023-11-26 v2.56 Cross-referencing by name of section
 (/usr/local/texlive/2025/texmf-dist/tex/latex/refcount/refcount.sty
Package: refcount 2019/12/15 v3.6 Data extraction from label references (HO)
) (/usr/local/texlive/2025/texmf-dist/tex/generic/gettitlestring/gettitlestring.sty
Package: gettitlestring 2019/12/15 v1.6 Cleanup title references (HO)
 (/usr/local/texlive/2025/texmf-dist/tex/latex/kvoptions/kvoptions.sty
Package: kvoptions 2022-06-15 v3.15 Key value format for package options (HO)
))
\c@section@level=\count270
) (/usr/local/texlive/2025/texmf-dist/tex/latex/etoolbox/etoolbox.sty
Package: etoolbox 2025/02/11 v2.5l e-TeX tools for LaTeX (JAW)
\etb@tempcnta=\count271
) (/usr/local/texlive/2025/texmf-dist/tex/generic/stringenc/stringenc.sty
Package: stringenc 2019/11/29 v1.12 Convert strings between diff. encodings (HO)
)
\@linkdim=\dimen150
\Hy@linkcounter=\count272
\Hy@pagecounter=\count273
 (/usr/local/texlive/2025/texmf-dist/tex/latex/hyperref/pd1enc.def
File: pd1enc.def 2024-11-05 v7.01l Hyperref: PDFDocEncoding definition (HO)
) (/usr/local/texlive/2025/texmf-dist/tex/generic/intcalc/intcalc.sty
Package: intcalc 2019/12/15 v1.3 Expandable calculations with integers (HO)
)
\Hy@SavedSpaceFactor=\count274
 (/usr/local/texlive/2025/texmf-dist/tex/latex/hyperref/puenc.def
File: puenc.def 2024-11-05 v7.01l Hyperref: PDF Unicode definition (HO)
)
Package hyperref Info: Hyper figures OFF on input line 4157.
Package hyperref Info: Link nesting OFF on input line 4162.
Package hyperref Info: Hyper index ON on input line 4165.
Package hyperref Info: Plain pages OFF on input line 4172.
Package hyperref Info: Backreferencing OFF on input line 4177.
Package hyperref Info: Implicit mode ON; LaTeX internals redefined.
Package hyperref Info: Bookmarks ON on input line 4424.
\c@Hy@tempcnt=\count275
 (/usr/local/texlive/2025/texmf-dist/tex/latex/url/url.sty
\Urlmuskip=\muskip17
Package: url 2013/09/16  ver 3.4  Verb mode for urls, etc.
)
LaTeX Info: Redefining \url on input line 4763.
\XeTeXLinkMargin=\dimen151
 (/usr/local/texlive/2025/texmf-dist/tex/generic/bitset/bitset.sty
Package: bitset 2019/12/09 v1.3 Handle bit-vector datatype (HO)
 (/usr/local/texlive/2025/texmf-dist/tex/generic/bigintcalc/bigintcalc.sty
Package: bigintcalc 2019/12/15 v1.5 Expandable calculations on big integers (HO)
))
\Fld@menulength=\count276
\Field@Width=\dimen152
\Fld@charsize=\dimen153
Package hyperref Info: Hyper figures OFF on input line 6042.
Package hyperref Info: Link nesting OFF on input line 6047.
Package hyperref Info: Hyper index ON on input line 6050.
Package hyperref Info: backreferencing OFF on input line 6057.
Package hyperref Info: Link coloring OFF on input line 6062.
Package hyperref Info: Link coloring with OCG OFF on input line 6067.
Package hyperref Info: PDF/A mode OFF on input line 6072.
 (/usr/local/texlive/2025/texmf-dist/tex/latex/base/atbegshi-ltx.sty
Package: atbegshi-ltx 2021/01/10 v1.0c Emulation of the original atbegshi
package with kernel methods
)
\Hy@abspage=\count277
\c@Item=\count278
\c@Hfootnote=\count279
)
Package hyperref Info: Driver (autodetected): hxetex.
 (/usr/local/texlive/2025/texmf-dist/tex/latex/hyperref/hxetex.def
File: hxetex.def 2024-11-05 v7.01l Hyperref driver for XeTeX
\pdfm@box=\box53
\c@Hy@AnnotLevel=\count280
\HyField@AnnotCount=\count281
\Fld@listcount=\count282
\c@bookmark@seq@number=\count283
 (/usr/local/texlive/2025/texmf-dist/tex/latex/rerunfilecheck/rerunfilecheck.sty
Package: rerunfilecheck 2022-07-10 v1.10 Rerun checks for auxiliary files (HO)
 (/usr/local/texlive/2025/texmf-dist/tex/latex/base/atveryend-ltx.sty
Package: atveryend-ltx 2020/08/19 v1.0a Emulation of the original atveryend package
with kernel methods
) (/usr/local/texlive/2025/texmf-dist/tex/generic/uniquecounter/uniquecounter.sty
Package: uniquecounter 2019/12/15 v1.4 Provide unlimited unique counter (HO)
)
Package uniquecounter Info: New unique counter `rerunfilecheck' on input line 285.
)
\Hy@SectionHShift=\skip51
) (/usr/local/texlive/2025/texmf-dist/tex/latex/pgf/frontendlayer/tikz.sty (/usr/local/texlive/2025/texmf-dist/tex/latex/pgf/basiclayer/pgf.sty (/usr/local/texlive/2025/texmf-dist/tex/latex/pgf/utilities/pgfrcs.sty (/usr/local/texlive/2025/texmf-dist/tex/generic/pgf/utilities/pgfutil-common.tex
\pgfutil@everybye=\toks21
\pgfutil@tempdima=\dimen154
\pgfutil@tempdimb=\dimen155
) (/usr/local/texlive/2025/texmf-dist/tex/generic/pgf/utilities/pgfutil-latex.def
\pgfutil@abb=\box54
) (/usr/local/texlive/2025/texmf-dist/tex/generic/pgf/utilities/pgfrcs.code.tex (/usr/local/texlive/2025/texmf-dist/tex/generic/pgf/pgf.revision.tex)
Package: pgfrcs 2023-01-15 v3.1.10 (3.1.10)
))
Package: pgf 2023-01-15 v3.1.10 (3.1.10)
 (/usr/local/texlive/2025/texmf-dist/tex/latex/pgf/basiclayer/pgfcore.sty (/usr/local/texlive/2025/texmf-dist/tex/latex/graphics/graphicx.sty
Package: graphicx 2021/09/16 v1.2d Enhanced LaTeX Graphics (DPC,SPQR)
 (/usr/local/texlive/2025/texmf-dist/tex/latex/graphics/graphics.sty
Package: graphics 2024/08/06 v1.4g Standard LaTeX Graphics (DPC,SPQR)
 (/usr/local/texlive/2025/texmf-dist/tex/latex/graphics/trig.sty
Package: trig 2023/12/02 v1.11 sin cos tan (DPC)
) (/usr/local/texlive/2025/texmf-dist/tex/latex/graphics-cfg/graphics.cfg
File: graphics.cfg 2016/06/04 v1.11 sample graphics configuration
)
Package graphics Info: Driver file: xetex.def on input line 106.
 (/usr/local/texlive/2025/texmf-dist/tex/latex/graphics-def/xetex.def
File: xetex.def 2022/09/22 v5.0n Graphics/color driver for xetex
))
\Gin@req@height=\dimen156
\Gin@req@width=\dimen157
) (/usr/local/texlive/2025/texmf-dist/tex/latex/pgf/systemlayer/pgfsys.sty (/usr/local/texlive/2025/texmf-dist/tex/generic/pgf/systemlayer/pgfsys.code.tex
Package: pgfsys 2023-01-15 v3.1.10 (3.1.10)
 (/usr/local/texlive/2025/texmf-dist/tex/generic/pgf/utilities/pgfkeys.code.tex
\pgfkeys@pathtoks=\toks22
\pgfkeys@temptoks=\toks23
 (/usr/local/texlive/2025/texmf-dist/tex/generic/pgf/utilities/pgfkeyslibraryfiltered.code.tex
\pgfkeys@tmptoks=\toks24
))
\pgf@x=\dimen158
\pgf@y=\dimen159
\pgf@xa=\dimen160
\pgf@ya=\dimen161
\pgf@xb=\dimen162
\pgf@yb=\dimen163
\pgf@xc=\dimen164
\pgf@yc=\dimen165
\pgf@xd=\dimen166
\pgf@yd=\dimen167
\w@pgf@writea=\write3
\r@pgf@reada=\read2
\c@pgf@counta=\count284
\c@pgf@countb=\count285
\c@pgf@countc=\count286
\c@pgf@countd=\count287
\t@pgf@toka=\toks25
\t@pgf@tokb=\toks26
\t@pgf@tokc=\toks27
\pgf@sys@id@count=\count288
 (/usr/local/texlive/2025/texmf-dist/tex/generic/pgf/systemlayer/pgf.cfg
File: pgf.cfg 2023-01-15 v3.1.10 (3.1.10)
)
Driver file for pgf: pgfsys-xetex.def
 (/usr/local/texlive/2025/texmf-dist/tex/generic/pgf/systemlayer/pgfsys-xetex.def
File: pgfsys-xetex.def 2023-01-15 v3.1.10 (3.1.10)
 (/usr/local/texlive/2025/texmf-dist/tex/generic/pgf/systemlayer/pgfsys-dvipdfmx.def
File: pgfsys-dvipdfmx.def 2023-01-15 v3.1.10 (3.1.10)
 (/usr/local/texlive/2025/texmf-dist/tex/generic/pgf/systemlayer/pgfsys-common-pdf.def
File: pgfsys-common-pdf.def 2023-01-15 v3.1.10 (3.1.10)
)
\pgfsys@objnum=\count289
))) (/usr/local/texlive/2025/texmf-dist/tex/generic/pgf/systemlayer/pgfsyssoftpath.code.tex
File: pgfsyssoftpath.code.tex 2023-01-15 v3.1.10 (3.1.10)
\pgfsyssoftpath@smallbuffer@items=\count290
\pgfsyssoftpath@bigbuffer@items=\count291
) (/usr/local/texlive/2025/texmf-dist/tex/generic/pgf/systemlayer/pgfsysprotocol.code.tex
File: pgfsysprotocol.code.tex 2023-01-15 v3.1.10 (3.1.10)
)) (/usr/local/texlive/2025/texmf-dist/tex/latex/xcolor/xcolor.sty
Package: xcolor 2024/09/29 v3.02 LaTeX color extensions (UK)
 (/usr/local/texlive/2025/texmf-dist/tex/latex/graphics-cfg/color.cfg
File: color.cfg 2016/01/02 v1.6 sample color configuration
)
Package xcolor Info: Driver file: xetex.def on input line 274.
 (/usr/local/texlive/2025/texmf-dist/tex/latex/graphics/mathcolor.ltx)
Package xcolor Info: Model `cmy' substituted by `cmy0' on input line 1349.
Package xcolor Info: Model `RGB' extended on input line 1365.
Package xcolor Info: Model `HTML' substituted by `rgb' on input line 1367.
Package xcolor Info: Model `Hsb' substituted by `hsb' on input line 1368.
Package xcolor Info: Model `tHsb' substituted by `hsb' on input line 1369.
Package xcolor Info: Model `HSB' substituted by `hsb' on input line 1370.
Package xcolor Info: Model `Gray' substituted by `gray' on input line 1371.
Package xcolor Info: Model `wave' substituted by `hsb' on input line 1372.
) (/usr/local/texlive/2025/texmf-dist/tex/generic/pgf/basiclayer/pgfcore.code.tex
Package: pgfcore 2023-01-15 v3.1.10 (3.1.10)
 (/usr/local/texlive/2025/texmf-dist/tex/generic/pgf/math/pgfmath.code.tex (/usr/local/texlive/2025/texmf-dist/tex/generic/pgf/math/pgfmathutil.code.tex) (/usr/local/texlive/2025/texmf-dist/tex/generic/pgf/math/pgfmathparser.code.tex
\pgfmath@dimen=\dimen168
\pgfmath@count=\count292
\pgfmath@box=\box55
\pgfmath@toks=\toks28
\pgfmath@stack@operand=\toks29
\pgfmath@stack@operation=\toks30
) (/usr/local/texlive/2025/texmf-dist/tex/generic/pgf/math/pgfmathfunctions.code.tex) (/usr/local/texlive/2025/texmf-dist/tex/generic/pgf/math/pgfmathfunctions.basic.code.tex) (/usr/local/texlive/2025/texmf-dist/tex/generic/pgf/math/pgfmathfunctions.trigonometric.code.tex) (/usr/local/texlive/2025/texmf-dist/tex/generic/pgf/math/pgfmathfunctions.random.code.tex) (/usr/local/texlive/2025/texmf-dist/tex/generic/pgf/math/pgfmathfunctions.comparison.code.tex) (/usr/local/texlive/2025/texmf-dist/tex/generic/pgf/math/pgfmathfunctions.base.code.tex) (/usr/local/texlive/2025/texmf-dist/tex/generic/pgf/math/pgfmathfunctions.round.code.tex) (/usr/local/texlive/2025/texmf-dist/tex/generic/pgf/math/pgfmathfunctions.misc.code.tex) (/usr/local/texlive/2025/texmf-dist/tex/generic/pgf/math/pgfmathfunctions.integerarithmetics.code.tex) (/usr/local/texlive/2025/texmf-dist/tex/generic/pgf/math/pgfmathcalc.code.tex) (/usr/local/texlive/2025/texmf-dist/tex/generic/pgf/math/pgfmathfloat.code.tex
\c@pgfmathroundto@lastzeros=\count293
)) (/usr/local/texlive/2025/texmf-dist/tex/generic/pgf/math/pgfint.code.tex) (/usr/local/texlive/2025/texmf-dist/tex/generic/pgf/basiclayer/pgfcorepoints.code.tex
File: pgfcorepoints.code.tex 2023-01-15 v3.1.10 (3.1.10)
\pgf@picminx=\dimen169
\pgf@picmaxx=\dimen170
\pgf@picminy=\dimen171
\pgf@picmaxy=\dimen172
\pgf@pathminx=\dimen173
\pgf@pathmaxx=\dimen174
\pgf@pathminy=\dimen175
\pgf@pathmaxy=\dimen176
\pgf@xx=\dimen177
\pgf@xy=\dimen178
\pgf@yx=\dimen179
\pgf@yy=\dimen180
\pgf@zx=\dimen181
\pgf@zy=\dimen182
) (/usr/local/texlive/2025/texmf-dist/tex/generic/pgf/basiclayer/pgfcorepathconstruct.code.tex
File: pgfcorepathconstruct.code.tex 2023-01-15 v3.1.10 (3.1.10)
\pgf@path@lastx=\dimen183
\pgf@path@lasty=\dimen184
) (/usr/local/texlive/2025/texmf-dist/tex/generic/pgf/basiclayer/pgfcorepathusage.code.tex
File: pgfcorepathusage.code.tex 2023-01-15 v3.1.10 (3.1.10)
\pgf@shorten@end@additional=\dimen185
\pgf@shorten@start@additional=\dimen186
) (/usr/local/texlive/2025/texmf-dist/tex/generic/pgf/basiclayer/pgfcorescopes.code.tex
File: pgfcorescopes.code.tex 2023-01-15 v3.1.10 (3.1.10)
\pgfpic=\box56
\pgf@hbox=\box57
\pgf@layerbox@main=\box58
\pgf@picture@serial@count=\count294
) (/usr/local/texlive/2025/texmf-dist/tex/generic/pgf/basiclayer/pgfcoregraphicstate.code.tex
File: pgfcoregraphicstate.code.tex 2023-01-15 v3.1.10 (3.1.10)
\pgflinewidth=\dimen187
) (/usr/local/texlive/2025/texmf-dist/tex/generic/pgf/basiclayer/pgfcoretransformations.code.tex
File: pgfcoretransformations.code.tex 2023-01-15 v3.1.10 (3.1.10)
\pgf@pt@x=\dimen188
\pgf@pt@y=\dimen189
\pgf@pt@temp=\dimen190
) (/usr/local/texlive/2025/texmf-dist/tex/generic/pgf/basiclayer/pgfcorequick.code.tex
File: pgfcorequick.code.tex 2023-01-15 v3.1.10 (3.1.10)
) (/usr/local/texlive/2025/texmf-dist/tex/generic/pgf/basiclayer/pgfcoreobjects.code.tex
File: pgfcoreobjects.code.tex 2023-01-15 v3.1.10 (3.1.10)
) (/usr/local/texlive/2025/texmf-dist/tex/generic/pgf/basiclayer/pgfcorepathprocessing.code.tex
File: pgfcorepathprocessing.code.tex 2023-01-15 v3.1.10 (3.1.10)
) (/usr/local/texlive/2025/texmf-dist/tex/generic/pgf/basiclayer/pgfcorearrows.code.tex
File: pgfcorearrows.code.tex 2023-01-15 v3.1.10 (3.1.10)
\pgfarrowsep=\dimen191
) (/usr/local/texlive/2025/texmf-dist/tex/generic/pgf/basiclayer/pgfcoreshade.code.tex
File: pgfcoreshade.code.tex 2023-01-15 v3.1.10 (3.1.10)
\pgf@max=\dimen192
\pgf@sys@shading@range@num=\count295
\pgf@shadingcount=\count296
) (/usr/local/texlive/2025/texmf-dist/tex/generic/pgf/basiclayer/pgfcoreimage.code.tex
File: pgfcoreimage.code.tex 2023-01-15 v3.1.10 (3.1.10)
) (/usr/local/texlive/2025/texmf-dist/tex/generic/pgf/basiclayer/pgfcoreexternal.code.tex
File: pgfcoreexternal.code.tex 2023-01-15 v3.1.10 (3.1.10)
\pgfexternal@startupbox=\box59
) (/usr/local/texlive/2025/texmf-dist/tex/generic/pgf/basiclayer/pgfcorelayers.code.tex
File: pgfcorelayers.code.tex 2023-01-15 v3.1.10 (3.1.10)
) (/usr/local/texlive/2025/texmf-dist/tex/generic/pgf/basiclayer/pgfcoretransparency.code.tex
File: pgfcoretransparency.code.tex 2023-01-15 v3.1.10 (3.1.10)
) (/usr/local/texlive/2025/texmf-dist/tex/generic/pgf/basiclayer/pgfcorepatterns.code.tex
File: pgfcorepatterns.code.tex 2023-01-15 v3.1.10 (3.1.10)
) (/usr/local/texlive/2025/texmf-dist/tex/generic/pgf/basiclayer/pgfcorerdf.code.tex
File: pgfcorerdf.code.tex 2023-01-15 v3.1.10 (3.1.10)
))) (/usr/local/texlive/2025/texmf-dist/tex/generic/pgf/modules/pgfmoduleshapes.code.tex
File: pgfmoduleshapes.code.tex 2023-01-15 v3.1.10 (3.1.10)
\pgfnodeparttextbox=\box60
) (/usr/local/texlive/2025/texmf-dist/tex/generic/pgf/modules/pgfmoduleplot.code.tex
File: pgfmoduleplot.code.tex 2023-01-15 v3.1.10 (3.1.10)
) (/usr/local/texlive/2025/texmf-dist/tex/latex/pgf/compatibility/pgfcomp-version-0-65.sty
Package: pgfcomp-version-0-65 2023-01-15 v3.1.10 (3.1.10)
\pgf@nodesepstart=\dimen193
\pgf@nodesepend=\dimen194
) (/usr/local/texlive/2025/texmf-dist/tex/latex/pgf/compatibility/pgfcomp-version-1-18.sty
Package: pgfcomp-version-1-18 2023-01-15 v3.1.10 (3.1.10)
)) (/usr/local/texlive/2025/texmf-dist/tex/latex/pgf/utilities/pgffor.sty (/usr/local/texlive/2025/texmf-dist/tex/latex/pgf/utilities/pgfkeys.sty (/usr/local/texlive/2025/texmf-dist/tex/generic/pgf/utilities/pgfkeys.code.tex)) (/usr/local/texlive/2025/texmf-dist/tex/latex/pgf/math/pgfmath.sty (/usr/local/texlive/2025/texmf-dist/tex/generic/pgf/math/pgfmath.code.tex)) (/usr/local/texlive/2025/texmf-dist/tex/generic/pgf/utilities/pgffor.code.tex
Package: pgffor 2023-01-15 v3.1.10 (3.1.10)
\pgffor@iter=\dimen195
\pgffor@skip=\dimen196
\pgffor@stack=\toks31
\pgffor@toks=\toks32
)) (/usr/local/texlive/2025/texmf-dist/tex/generic/pgf/frontendlayer/tikz/tikz.code.tex
Package: tikz 2023-01-15 v3.1.10 (3.1.10)
 (/usr/local/texlive/2025/texmf-dist/tex/generic/pgf/libraries/pgflibraryplothandlers.code.tex
File: pgflibraryplothandlers.code.tex 2023-01-15 v3.1.10 (3.1.10)
\pgf@plot@mark@count=\count297
\pgfplotmarksize=\dimen197
)
\tikz@lastx=\dimen198
\tikz@lasty=\dimen199
\tikz@lastxsaved=\dimen256
\tikz@lastysaved=\dimen257
\tikz@lastmovetox=\dimen258
\tikz@lastmovetoy=\dimen259
\tikzleveldistance=\dimen260
\tikzsiblingdistance=\dimen261
\tikz@figbox=\box61
\tikz@figbox@bg=\box62
\tikz@tempbox=\box63
\tikz@tempbox@bg=\box64
\tikztreelevel=\count298
\tikznumberofchildren=\count299
\tikznumberofcurrentchild=\count300
\tikz@fig@count=\count301
 (/usr/local/texlive/2025/texmf-dist/tex/generic/pgf/modules/pgfmodulematrix.code.tex
File: pgfmodulematrix.code.tex 2023-01-15 v3.1.10 (3.1.10)
\pgfmatrixcurrentrow=\count302
\pgfmatrixcurrentcolumn=\count303
\pgf@matrix@numberofcolumns=\count304
)
\tikz@expandcount=\count305
 (/usr/local/texlive/2025/texmf-dist/tex/generic/pgf/frontendlayer/tikz/libraries/tikzlibrarytopaths.code.tex
File: tikzlibrarytopaths.code.tex 2023-01-15 v3.1.10 (3.1.10)
))) (/usr/local/texlive/2025/texmf-dist/tex/latex/zhnumber/zhnumber.sty (/usr/local/texlive/2025/texmf-dist/tex/latex/l3kernel/expl3.sty
Package: expl3 2025-01-18 L3 programming layer (loader) 
 (/usr/local/texlive/2025/texmf-dist/tex/latex/l3backend/l3backend-xetex.def
File: l3backend-xetex.def 2024-05-08 L3 backend support: XeTeX
\g__graphics_track_int=\count306
\l__pdf_internal_box=\box65
\g__pdf_backend_annotation_int=\count307
\g__pdf_backend_link_int=\count308
))
Package: zhnumber 2022/07/14 v3.0 Typesetting numbers with Chinese glyphs
\l__zhnum_scale_int=\count309
\l__zhnum_tmp_int=\count310
 (/usr/local/texlive/2025/texmf-dist/tex/latex/zhnumber/zhnumber-utf8.cfg
File: zhnumber-utf8.cfg 2022/07/14 v3.0 Chinese numerals with UTF8 encoding
))) (/usr/local/texlive/2025/texmf-dist/tex/xelatex/xecjk/xeCJK.sty
Package: xeCJK 2022/08/05 v3.9.1 Typesetting CJK scripts with XeLaTeX
 (/usr/local/texlive/2025/texmf-dist/tex/latex/ctex/ctexhook.sty
Package: ctexhook 2022/07/14 v2.5.10 Document and package hooks (CTEX)
)

! Package ctexhook Error: Package `CJKutf8' can not be loaded with `xeCJK'.

Type <return> to continue.
 ...                                              
                                                  
l.73   { \ctex_disable_package:n {#1} }
                                       

LaTeX does not know anything more about this error, sorry.

Try typing <return> to proceed.
If that doesn't work, type X <return> to quit.



! Package ctexhook Error: Package `CJK' can not be loaded with `xeCJK'.

Type <return> to continue.
 ...                                              
                                                  
l.73   { \ctex_disable_package:n {#1} }
                                       

LaTeX does not know anything more about this error, sorry.

Try typing <return> to proceed.
If that doesn't work, type X <return> to quit.


(/usr/local/texlive/2025/texmf-dist/tex/latex/l3packages/xtemplate/xtemplate.sty
Package: xtemplate 2024-08-16 L3 Experimental prototype document functions
)
\l__xeCJK_tmp_int=\count311
\l__xeCJK_tmp_box=\box66
\l__xeCJK_tmp_dim=\dimen262
\l__xeCJK_tmp_skip=\skip52
\g__xeCJK_space_factor_int=\count312
\l__xeCJK_begin_int=\count313
\l__xeCJK_end_int=\count314
\c__xeCJK_CJK_class_int=\XeTeXcharclass1
\c__xeCJK_FullLeft_class_int=\XeTeXcharclass2
\c__xeCJK_FullRight_class_int=\XeTeXcharclass3
\c__xeCJK_HalfLeft_class_int=\XeTeXcharclass4
\c__xeCJK_HalfRight_class_int=\XeTeXcharclass5
\c__xeCJK_NormalSpace_class_int=\XeTeXcharclass6
\c__xeCJK_CM_class_int=\XeTeXcharclass7
\c__xeCJK_HangulJamo_class_int=\XeTeXcharclass8
\l__xeCJK_last_skip=\skip53
\c__xeCJK_none_node=\count315
\g__xeCJK_node_int=\count316
\c__xeCJK_CJK_node_dim=\dimen263
\c__xeCJK_CJK-space_node_dim=\dimen264
\c__xeCJK_default_node_dim=\dimen265
\c__xeCJK_CJK-widow_node_dim=\dimen266
\c__xeCJK_normalspace_node_dim=\dimen267
\c__xeCJK_default-space_node_skip=\skip54
\l__xeCJK_ccglue_skip=\skip55
\l__xeCJK_ecglue_skip=\skip56
\l__xeCJK_punct_kern_skip=\skip57
\l__xeCJK_indent_box=\box67
\l__xeCJK_last_penalty_int=\count317
\l__xeCJK_last_bound_dim=\dimen268
\l__xeCJK_last_kern_dim=\dimen269
\l__xeCJK_widow_penalty_int=\count318

LaTeX template Info: Declaring template type 'xeCJK/punctuation' taking 0
(template)           argument(s) on line 2396.

\l__xeCJK_fixed_punct_width_dim=\dimen270
\l__xeCJK_mixed_punct_width_dim=\dimen271
\l__xeCJK_middle_punct_width_dim=\dimen272
\l__xeCJK_fixed_margin_width_dim=\dimen273
\l__xeCJK_mixed_margin_width_dim=\dimen274
\l__xeCJK_middle_margin_width_dim=\dimen275
\l__xeCJK_bound_punct_width_dim=\dimen276
\l__xeCJK_bound_margin_width_dim=\dimen277
\l__xeCJK_margin_minimum_dim=\dimen278
\l__xeCJK_kerning_total_width_dim=\dimen279
\l__xeCJK_same_align_margin_dim=\dimen280
\l__xeCJK_different_align_margin_dim=\dimen281
\l__xeCJK_kerning_margin_width_dim=\dimen282
\l__xeCJK_kerning_margin_minimum_dim=\dimen283
\l__xeCJK_bound_dim=\dimen284
\l__xeCJK_reverse_bound_dim=\dimen285
\l__xeCJK_margin_dim=\dimen286
\l__xeCJK_minimum_bound_dim=\dimen287
\l__xeCJK_kerning_margin_dim=\dimen288
\g__xeCJK_family_int=\count319


! LaTeX cmd Error: Command '\CJKfamily' already defined.

For immediate help type H <return>.
 ...                                              
                                                  
l.3637   }
          

You have used \NewDocumentCommand with a command that already has a
definition.

The existing definition of '\CJKfamily' will not be altered.


\l__xeCJK_fam_int=\count320
\g__xeCJK_fam_allocation_int=\count321
\l__xeCJK_verb_case_int=\count322
\l__xeCJK_verb_exspace_skip=\skip58

! LaTeX Error: Control sequence \CJKsymbol already defined.

For immediate help type H <return>.
 ...                                              
                                                  
l.4516 \cs_new_eq:NN \CJKsymbol
                                     \use:n

This is a coding error.

LaTeX has been asked to create a new control sequence '\CJKsymbol' but this
name has already been used elsewhere.

The current meaning is:
  macro:->\protect \CJKsymbol  



! LaTeX Error: Control sequence \CJKpunctsymbol already defined.

For immediate help type H <return>.
 ...                                              
                                                  
l.4517 \cs_new_eq:NN \CJKpunctsymbol
                                     \use:n

This is a coding error.

LaTeX has been asked to create a new control sequence '\CJKpunctsymbol' but
this name has already been used elsewhere.

The current meaning is:
  macro:->\protect \CJKsymbol  


(/usr/local/texlive/2025/texmf-dist/tex/latex/fontspec/fontspec.sty (/usr/local/texlive/2025/texmf-dist/tex/latex/l3packages/xparse/xparse.sty
Package: xparse 2024-08-16 L3 Experimental document command parser
)
Package: fontspec 2024/05/11 v2.9e Font selection for XeLaTeX and LuaLaTeX
 (/usr/local/texlive/2025/texmf-dist/tex/latex/fontspec/fontspec-xetex.sty
Package: fontspec-xetex 2024/05/11 v2.9e Font selection for XeLaTeX and LuaLaTeX
\l__fontspec_script_int=\count323
\l__fontspec_language_int=\count324
\l__fontspec_strnum_int=\count325
\l__fontspec_tmp_int=\count326
\l__fontspec_tmpa_int=\count327
\l__fontspec_tmpb_int=\count328
\l__fontspec_tmpc_int=\count329
\l__fontspec_em_int=\count330
\l__fontspec_emdef_int=\count331
\l__fontspec_strong_int=\count332
\l__fontspec_strongdef_int=\count333
\l__fontspec_tmpa_dim=\dimen289
\l__fontspec_tmpb_dim=\dimen290
\l__fontspec_tmpc_dim=\dimen291
 (/usr/local/texlive/2025/texmf-dist/tex/latex/base/fontenc.sty
Package: fontenc 2021/04/29 v2.0v Standard LaTeX package
) (/usr/local/texlive/2025/texmf-dist/tex/latex/fontspec/fontspec.cfg)))

! LaTeX cmd Error: Command '\CJKspace' already defined.

For immediate help type H <return>.
 ...                                              
                                                  
l.4594 ... { } { \xeCJKsetup { CJKspace = true } }
                                                  

You have used \NewDocumentCommand with a command that already has a
definition.

The existing definition of '\CJKspace' will not be altered.



! LaTeX cmd Error: Command '\CJKnospace' already defined.

For immediate help type H <return>.
 ...                                              
                                                  
l.4595 ...{ } { \xeCJKsetup { CJKspace = false } }
                                                  

You have used \NewDocumentCommand with a command that already has a
definition.

The existing definition of '\CJKnospace' will not be altered.


(/usr/local/texlive/2025/texmf-dist/tex/xelatex/xecjk/xeCJK.cfg
File: xeCJK.cfg 2022/08/05 v3.9.1 Configuration file for xeCJK package
))

Package fontspec Info: 
(fontspec)             Could not resolve font "TW-Kai-98_1/B" (it probably
(fontspec)             doesn't exist).


Package fontspec Info: 
(fontspec)             Could not resolve font "TW-Kai-98_1/I" (it probably
(fontspec)             doesn't exist).


Package fontspec Info: 
(fontspec)             Could not resolve font "TW-Kai-98_1/BI" (it probably
(fontspec)             doesn't exist).


Package fontspec Info: 
(fontspec)             Font family 'TW-Kai-98_1(0)' created for font
(fontspec)             'TW-Kai-98_1' with options
(fontspec)             [Script={CJK},UprightFont={*},BoldFont={*},ItalicFont={*}].
(fontspec)              
(fontspec)              This font family consists of the following NFSS
(fontspec)             series/shapes:
(fontspec)              
(fontspec)             - 'normal' (m/n) with NFSS spec.:
(fontspec)             <->"TW-Kai-98_1/OT:script=hani;language=dflt;"
(fontspec)             - 'bold' (b/n) with NFSS spec.:
(fontspec)             <->"TW-Kai-98_1/OT:script=hani;language=dflt;"
(fontspec)             - 'italic' (m/it) with NFSS spec.:
(fontspec)             <->"TW-Kai-98_1/OT:script=hani;language=dflt;"

 (/usr/local/texlive/2025/texmf-dist/tex/latex/amsmath/amsmath.sty
Package: amsmath 2024/11/05 v2.17t AMS math features
\@mathmargin=\skip59

For additional information on amsmath, use the `?' option.
(/usr/local/texlive/2025/texmf-dist/tex/latex/amsmath/amstext.sty
Package: amstext 2021/08/26 v2.01 AMS text
 (/usr/local/texlive/2025/texmf-dist/tex/latex/amsmath/amsgen.sty
File: amsgen.sty 1999/11/30 v2.0 generic functions
\@emptytoks=\toks33
\ex@=\dimen292
)) (/usr/local/texlive/2025/texmf-dist/tex/latex/amsmath/amsbsy.sty
Package: amsbsy 1999/11/29 v1.2d Bold Symbols
\pmbraise@=\dimen293
) (/usr/local/texlive/2025/texmf-dist/tex/latex/amsmath/amsopn.sty
Package: amsopn 2022/04/08 v2.04 operator names
)
\inf@bad=\count334
LaTeX Info: Redefining \frac on input line 233.
\uproot@=\count335
\leftroot@=\count336
LaTeX Info: Redefining \overline on input line 398.
LaTeX Info: Redefining \colon on input line 409.
\classnum@=\count337
\DOTSCASE@=\count338
LaTeX Info: Redefining \ldots on input line 495.
LaTeX Info: Redefining \dots on input line 498.
LaTeX Info: Redefining \cdots on input line 619.
\Mathstrutbox@=\box68
\strutbox@=\box69
LaTeX Info: Redefining \big on input line 721.
LaTeX Info: Redefining \Big on input line 722.
LaTeX Info: Redefining \bigg on input line 723.
LaTeX Info: Redefining \Bigg on input line 724.
\big@size=\dimen294
LaTeX Font Info:    Redeclaring font encoding OML on input line 742.
LaTeX Font Info:    Redeclaring font encoding OMS on input line 743.
\macc@depth=\count339
LaTeX Info: Redefining \bmod on input line 904.
LaTeX Info: Redefining \pmod on input line 909.
LaTeX Info: Redefining \smash on input line 939.
LaTeX Info: Redefining \relbar on input line 969.
LaTeX Info: Redefining \Relbar on input line 970.
\c@MaxMatrixCols=\count340
\dotsspace@=\muskip18
\c@parentequation=\count341
\dspbrk@lvl=\count342
\tag@help=\toks34
\row@=\count343
\column@=\count344
\maxfields@=\count345
\andhelp@=\toks35
\eqnshift@=\dimen295
\alignsep@=\dimen296
\tagshift@=\dimen297
\tagwidth@=\dimen298
\totwidth@=\dimen299
\lineht@=\dimen300
\@envbody=\toks36
\multlinegap=\skip60
\multlinetaggap=\skip61
\mathdisplay@stack=\toks37
LaTeX Info: Redefining \[ on input line 2953.
LaTeX Info: Redefining \] on input line 2954.
) (/usr/local/texlive/2025/texmf-dist/tex/latex/tools/longtable.sty
Package: longtable 2024-10-27 v4.22 Multi-page Table package (DPC)
\LTleft=\skip62
\LTright=\skip63
\LTpre=\skip64
\LTpost=\skip65
\LTchunksize=\count346
\LTcapwidth=\dimen301
\LT@head=\box70
\LT@firsthead=\box71
\LT@foot=\box72
\LT@lastfoot=\box73
\LT@gbox=\box74
\LT@cols=\count347
\LT@rows=\count348
\c@LT@tables=\count349
\c@LT@chunks=\count350
\LT@p@ftn=\toks38
) (/usr/local/texlive/2025/texmf-dist/tex/latex/tools/tabularx.sty
Package: tabularx 2023/12/11 v2.12a `tabularx' package (DPC)
 (/usr/local/texlive/2025/texmf-dist/tex/latex/tools/array.sty
Package: array 2024/10/17 v2.6g Tabular extension package (FMi)
\col@sep=\dimen302
\ar@mcellbox=\box75
\extrarowheight=\dimen303
\NC@list=\toks39
\extratabsurround=\skip66
\backup@length=\skip67
\ar@cellbox=\box76
)
\TX@col@width=\dimen304
\TX@old@table=\dimen305
\TX@old@col=\dimen306
\TX@target=\dimen307
\TX@delta=\dimen308
\TX@cols=\count351
\TX@ftn=\toks40
) (/usr/local/texlive/2025/texmf-dist/tex/latex/multirow/multirow.sty
Package: multirow 2024/11/12 v2.9 Span multiple rows of a table
\multirow@colwidth=\skip68
\multirow@cntb=\count352
\multirow@dima=\skip69
\bigstrutjot=\dimen309
) (/usr/local/texlive/2025/texmf-dist/tex/latex/makecell/makecell.sty
Package: makecell 2009/08/03 V0.1e Managing of Tab Column Heads and Cells
\rotheadsize=\dimen310
\c@nlinenum=\count353
\TeXr@lab=\toks41
) (/usr/local/texlive/2025/texmf-dist/tex/latex/units/units.sty
Package: units 1998/08/04 v0.9b Typesetting units
 (/usr/local/texlive/2025/texmf-dist/tex/latex/base/ifthen.sty
Package: ifthen 2024/03/16 v1.1e Standard LaTeX ifthen package (DPC)
) (/usr/local/texlive/2025/texmf-dist/tex/latex/units/nicefrac.sty
Package: nicefrac 1998/08/04 v0.9b Nice fractions
\L@UnitsRaiseDisplaystyle=\skip70
\L@UnitsRaiseTextstyle=\skip71
\L@UnitsRaiseScriptstyle=\skip72
)) (/usr/local/texlive/2025/texmf-dist/tex/latex/graphics/dvipsnam.def
File: dvipsnam.def 2016/06/17 v3.0m Driver-dependent file (DPC,SPQR)
) (/usr/local/texlive/2025/texmf-dist/tex/latex/cancel/cancel.sty
Package: cancel 2013/04/12 v2.2 Cancel math terms
) (/usr/local/texlive/2025/texmf-dist/tex/latex/float/float.sty
Package: float 2001/11/08 v1.3d Float enhancements (AL)
\c@float@type=\count354
\float@exts=\toks42
\float@box=\box77
\@float@everytoks=\toks43
\@floatcapt=\box78
) (/usr/local/texlive/2025/texmf-dist/tex/latex/booktabs/booktabs.sty
Package: booktabs 2020/01/12 v1.61803398 Publication quality tables
\heavyrulewidth=\dimen311
\lightrulewidth=\dimen312
\cmidrulewidth=\dimen313
\belowrulesep=\dimen314
\belowbottomsep=\dimen315
\aboverulesep=\dimen316
\abovetopsep=\dimen317
\cmidrulesep=\dimen318
\cmidrulekern=\dimen319
\defaultaddspace=\dimen320
\@cmidla=\count355
\@cmidlb=\count356
\@aboverulesep=\dimen321
\@belowrulesep=\dimen322
\@thisruleclass=\count357
\@lastruleclass=\count358
\@thisrulewidth=\dimen323
) (/usr/local/texlive/2025/texmf-dist/tex/latex/pdflscape/pdflscape.sty
Package: pdflscape 2022-10-27 v0.13 Display of landscape pages in PDF
 (/usr/local/texlive/2025/texmf-dist/tex/latex/pdflscape/pdflscape-nometadata.sty
Package: pdflscape-nometadata 2022-10-28 v0.13 Display of landscape pages in PDF (HO)
 (/usr/local/texlive/2025/texmf-dist/tex/latex/graphics/lscape.sty
Package: lscape 2020/05/28 v3.02 Landscape Pages (DPC)
)
Package pdflscape Info: Auto-detected driver: dvipdfm (xetex) on input line 98.
)) (/usr/local/texlive/2025/texmf-dist/tex/latex/citeall/citeall.sty
Package: citeall 2017/12/03 v1.4 a package to test biblatex-cite commands


Package citeall Warning: This package works only with biblatex!
(citeall)                Load it before citeall!
(citeall)                Loading citeall will abort! on input line 24.

) (/usr/local/texlive/2025/texmf-dist/tex/latex/natbib/natbib.sty
Package: natbib 2010/09/13 8.31b (PWD, AO)
\bibhang=\skip73
\bibsep=\skip74
LaTeX Info: Redefining \cite on input line 694.
\c@NAT@ctr=\count359
) (/usr/local/texlive/2025/texmf-dist/tex/latex/import/import.sty
Package: import 2020/04/01  v 6.2
) (/usr/local/texlive/2025/texmf-dist/tex/latex/preprint/authblk.sty
Package: authblk 2001/02/27 1.3 (PWD)
\affilsep=\skip75
\@affilsep=\skip76
\c@Maxaffil=\count360
\c@authors=\count361
\c@affil=\count362
) (/usr/local/texlive/2025/texmf-dist/tex/latex/tools/xspace.sty
Package: xspace 2014/10/28 v1.13 Space after command names (DPC,MH)
) (/usr/local/texlive/2025/texmf-dist/tex/latex/caption/caption.sty
Package: caption 2023/08/05 v3.6o Customizing captions (AR)
 (/usr/local/texlive/2025/texmf-dist/tex/latex/caption/caption3.sty
Package: caption3 2023/07/31 v2.4d caption3 kernel (AR)
\caption@tempdima=\dimen324
\captionmargin=\dimen325
\caption@leftmargin=\dimen326
\caption@rightmargin=\dimen327
\caption@width=\dimen328
\caption@indent=\dimen329
\caption@parindent=\dimen330
\caption@hangindent=\dimen331
Package caption Info: Standard document class detected.
)
\c@caption@flags=\count363
\c@continuedfloat=\count364
Package caption Info: float package is loaded.
Package caption Info: hyperref package is loaded.
Package caption Info: longtable package is loaded.
 (/usr/local/texlive/2025/texmf-dist/tex/latex/caption/ltcaption.sty
Package: ltcaption 2021/01/08 v1.4c longtable captions (AR)
)) (/usr/local/texlive/2025/texmf-dist/tex/latex/caption/subcaption.sty
Package: subcaption 2023/07/28 v1.6b Sub-captions (AR)
Package caption Info: New subtype `subfigure' on input line 238.
\c@subfigure=\count365
Package caption Info: New subtype `subtable' on input line 238.
\c@subtable=\count366
) (./Modeling_Streamer_TH.aux)
\openout1 = `Modeling_Streamer_TH.aux'.

LaTeX Font Info:    Checking defaults for OML/cmm/m/it on input line 114.
LaTeX Font Info:    ... okay on input line 114.
LaTeX Font Info:    Checking defaults for OMS/cmsy/m/n on input line 114.
LaTeX Font Info:    ... okay on input line 114.
LaTeX Font Info:    Checking defaults for OT1/cmr/m/n on input line 114.
LaTeX Font Info:    ... okay on input line 114.
LaTeX Font Info:    Checking defaults for T1/cmr/m/n on input line 114.
LaTeX Font Info:    ... okay on input line 114.
LaTeX Font Info:    Checking defaults for TS1/cmr/m/n on input line 114.
LaTeX Font Info:    ... okay on input line 114.
LaTeX Font Info:    Checking defaults for TU/lmr/m/n on input line 114.
LaTeX Font Info:    ... okay on input line 114.
LaTeX Font Info:    Checking defaults for OMX/cmex/m/n on input line 114.
LaTeX Font Info:    ... okay on input line 114.
LaTeX Font Info:    Checking defaults for U/cmr/m/n on input line 114.
LaTeX Font Info:    ... okay on input line 114.
LaTeX Font Info:    Checking defaults for C00/song/m/n on input line 114.
LaTeX Font Info:    ... okay on input line 114.
LaTeX Font Info:    Checking defaults for C05/song/m/n on input line 114.
LaTeX Font Info:    ... okay on input line 114.
LaTeX Font Info:    Checking defaults for C09/song/m/n on input line 114.
LaTeX Font Info:    ... okay on input line 114.
LaTeX Font Info:    Checking defaults for C10/song/m/n on input line 114.
LaTeX Font Info:    ... okay on input line 114.
LaTeX Font Info:    Checking defaults for C20/song/m/n on input line 114.
LaTeX Font Info:    ... okay on input line 114.
LaTeX Font Info:    Checking defaults for C19/song/m/n on input line 114.
LaTeX Font Info:    ... okay on input line 114.
LaTeX Font Info:    Checking defaults for C40/song/m/n on input line 114.
LaTeX Font Info:    ... okay on input line 114.
LaTeX Font Info:    Checking defaults for C42/song/m/n on input line 114.
LaTeX Font Info:    ... okay on input line 114.
LaTeX Font Info:    Checking defaults for C43/song/m/n on input line 114.
LaTeX Font Info:    ... okay on input line 114.
LaTeX Font Info:    Checking defaults for C50/song/m/n on input line 114.
LaTeX Font Info:    ... okay on input line 114.
LaTeX Font Info:    Checking defaults for C52/song/m/n on input line 114.
LaTeX Font Info:    ... okay on input line 114.
LaTeX Font Info:    Checking defaults for C49/song/m/n on input line 114.
LaTeX Font Info:    ... okay on input line 114.
LaTeX Font Info:    Checking defaults for C60/mj/m/n on input line 114.
LaTeX Font Info:    ... okay on input line 114.
LaTeX Font Info:    Checking defaults for C61/mj/m/n on input line 114.
LaTeX Font Info:    ... okay on input line 114.
LaTeX Font Info:    Checking defaults for C63/mj/m/n on input line 114.
LaTeX Font Info:    ... okay on input line 114.
LaTeX Font Info:    Checking defaults for C64/mj/m/n on input line 114.
LaTeX Font Info:    ... okay on input line 114.
LaTeX Font Info:    Checking defaults for C65/mj/m/n on input line 114.
LaTeX Font Info:    ... okay on input line 114.
LaTeX Font Info:    Checking defaults for C70/song/m/n on input line 114.
LaTeX Font Info:    ... okay on input line 114.
LaTeX Font Info:    Checking defaults for C31/song/m/n on input line 114.
LaTeX Font Info:    ... okay on input line 114.
LaTeX Font Info:    Checking defaults for C32/song/m/n on input line 114.
LaTeX Font Info:    ... okay on input line 114.
LaTeX Font Info:    Checking defaults for C33/song/m/n on input line 114.
LaTeX Font Info:    ... okay on input line 114.
LaTeX Font Info:    Checking defaults for C34/song/m/n on input line 114.
LaTeX Font Info:    ... okay on input line 114.
LaTeX Font Info:    Checking defaults for C35/song/m/n on input line 114.
LaTeX Font Info:    ... okay on input line 114.
LaTeX Font Info:    Checking defaults for C36/song/m/n on input line 114.
LaTeX Font Info:    ... okay on input line 114.
LaTeX Font Info:    Checking defaults for C37/song/m/n on input line 114.
LaTeX Font Info:    ... okay on input line 114.
LaTeX Font Info:    Checking defaults for C80/song/m/n on input line 114.
LaTeX Font Info:    ... okay on input line 114.
LaTeX Font Info:    Checking defaults for C81/song/m/n on input line 114.
LaTeX Font Info:    ... okay on input line 114.
LaTeX Font Info:    Checking defaults for C01/song/m/n on input line 114.
LaTeX Font Info:    ... okay on input line 114.
LaTeX Font Info:    Checking defaults for C11/song/m/n on input line 114.
LaTeX Font Info:    ... okay on input line 114.
LaTeX Font Info:    Checking defaults for C21/song/m/n on input line 114.
LaTeX Font Info:    ... okay on input line 114.
LaTeX Font Info:    Checking defaults for C41/song/m/n on input line 114.
LaTeX Font Info:    ... okay on input line 114.
LaTeX Font Info:    Checking defaults for C62/song/m/n on input line 114.
LaTeX Font Info:    ... okay on input line 114.
LaTeX Font Info:    Checking defaults for PD1/pdf/m/n on input line 114.
LaTeX Font Info:    ... okay on input line 114.
LaTeX Font Info:    Checking defaults for PU/pdf/m/n on input line 114.
LaTeX Font Info:    ... okay on input line 114.

*geometry* driver: auto-detecting
*geometry* detected driver: xetex
*geometry* verbose mode - [ preamble ] result:
* driver: xetex
* paper: <default>
* layout: <same size as paper>
* layoutoffset:(h,v)=(0.0pt,0.0pt)
* modes: 
* h-part:(L,W,R)=(62.59596pt, 472.31595pt, 62.59596pt)
* v-part:(T,H,B)=(71.13188pt, 702.78308pt, 71.13188pt)
* \paperwidth=597.50787pt
* \paperheight=845.04684pt
* \textwidth=472.31595pt
* \textheight=702.78308pt
* \oddsidemargin=-9.67403pt
* \evensidemargin=-9.67403pt
* \topmargin=-38.1381pt
* \headheight=12.0pt
* \headsep=25.0pt
* \topskip=12.0pt
* \footskip=30.0pt
* \marginparwidth=35.0pt
* \marginparsep=10.0pt
* \columnsep=10.0pt
* \skip\footins=10.8pt plus 4.0pt minus 2.0pt
* \hoffset=0.0pt
* \voffset=0.0pt
* \mag=1000
* \@twocolumnfalse
* \@twosidefalse
* \@mparswitchfalse
* \@reversemarginfalse
* (1in=72.27pt=25.4mm, 1cm=28.453pt)

Package hyperref Info: Link coloring OFF on input line 114.
(./Modeling_Streamer_TH.out) (./Modeling_Streamer_TH.out)
\@outlinefile=\write4
\openout4 = `Modeling_Streamer_TH.out'.


Package fontspec Info: 
(fontspec)             Adjusting the maths setup (use [no-math] to avoid
(fontspec)             this).

\symlegacymaths=\mathgroup4
LaTeX Font Info:    Overwriting symbol font `legacymaths' in version `bold'
(Font)                  OT1/cmr/m/n --> OT1/cmr/bx/n on input line 114.
LaTeX Font Info:    Redeclaring math accent \acute on input line 114.
LaTeX Font Info:    Redeclaring math accent \grave on input line 114.
LaTeX Font Info:    Redeclaring math accent \ddot on input line 114.
LaTeX Font Info:    Redeclaring math accent \tilde on input line 114.
LaTeX Font Info:    Redeclaring math accent \bar on input line 114.
LaTeX Font Info:    Redeclaring math accent \breve on input line 114.
LaTeX Font Info:    Redeclaring math accent \check on input line 114.
LaTeX Font Info:    Redeclaring math accent \hat on input line 114.
LaTeX Font Info:    Redeclaring math accent \dot on input line 114.
LaTeX Font Info:    Redeclaring math accent \mathring on input line 114.
LaTeX Font Info:    Redeclaring math symbol \Gamma on input line 114.
LaTeX Font Info:    Redeclaring math symbol \Delta on input line 114.
LaTeX Font Info:    Redeclaring math symbol \Theta on input line 114.
LaTeX Font Info:    Redeclaring math symbol \Lambda on input line 114.
LaTeX Font Info:    Redeclaring math symbol \Xi on input line 114.
LaTeX Font Info:    Redeclaring math symbol \Pi on input line 114.
LaTeX Font Info:    Redeclaring math symbol \Sigma on input line 114.
LaTeX Font Info:    Redeclaring math symbol \Upsilon on input line 114.
LaTeX Font Info:    Redeclaring math symbol \Phi on input line 114.
LaTeX Font Info:    Redeclaring math symbol \Psi on input line 114.
LaTeX Font Info:    Redeclaring math symbol \Omega on input line 114.
LaTeX Font Info:    Redeclaring math symbol \mathdollar on input line 114.
LaTeX Font Info:    Redeclaring symbol font `operators' on input line 114.
LaTeX Font Info:    Encoding `OT1' has changed to `TU' for symbol font
(Font)              `operators' in the math version `normal' on input line 114.
LaTeX Font Info:    Overwriting symbol font `operators' in version `normal'
(Font)                  OT1/cmr/m/n --> TU/lmr/m/n on input line 114.
LaTeX Font Info:    Encoding `OT1' has changed to `TU' for symbol font
(Font)              `operators' in the math version `bold' on input line 114.
LaTeX Font Info:    Overwriting symbol font `operators' in version `bold'
(Font)                  OT1/cmr/bx/n --> TU/lmr/m/n on input line 114.
LaTeX Font Info:    Overwriting symbol font `operators' in version `normal'
(Font)                  TU/lmr/m/n --> TU/lmr/m/n on input line 114.
LaTeX Font Info:    Overwriting math alphabet `\mathit' in version `normal'
(Font)                  OT1/cmr/m/it --> TU/lmr/m/it on input line 114.
LaTeX Font Info:    Overwriting math alphabet `\mathbf' in version `normal'
(Font)                  OT1/cmr/bx/n --> TU/lmr/b/n on input line 114.
LaTeX Font Info:    Overwriting math alphabet `\mathsf' in version `normal'
(Font)                  OT1/cmss/m/n --> TU/lmss/m/n on input line 114.
LaTeX Font Info:    Overwriting math alphabet `\mathtt' in version `normal'
(Font)                  OT1/cmtt/m/n --> TU/lmtt/m/n on input line 114.
LaTeX Font Info:    Overwriting symbol font `operators' in version `bold'
(Font)                  TU/lmr/m/n --> TU/lmr/b/n on input line 114.
LaTeX Font Info:    Overwriting math alphabet `\mathit' in version `bold'
(Font)                  OT1/cmr/bx/it --> TU/lmr/b/it on input line 114.
LaTeX Font Info:    Overwriting math alphabet `\mathsf' in version `bold'
(Font)                  OT1/cmss/bx/n --> TU/lmss/b/n on input line 114.
LaTeX Font Info:    Overwriting math alphabet `\mathtt' in version `bold'
(Font)                  OT1/cmtt/m/n --> TU/lmtt/b/n on input line 114.
Package caption Info: Begin \AtBeginDocument code.
Package caption Info: End \AtBeginDocument code.
 (/usr/local/texlive/2025/texmf-dist/tex/latex/cjk/texinput/UTF8/UTF8.bdg
File: UTF8.bdg 2021/10/16 4.8.5
) (/usr/local/texlive/2025/texmf-dist/tex/latex/cjk/texinput/UTF8/UTF8.enc
File: UTF8.enc 2021/10/16 4.8.5
) (/usr/local/texlive/2025/texmf-dist/tex/latex/cjk/texinput/UTF8/UTF8.chr
File: UTF8.chr 2021/10/16 4.8.5
)

[1

] (././Abstract.tex)

[1] (././AbstractZH.tex)

[2

] (./Modeling_Streamer_TH.toc

[3


]

[4])
\tf@toc=\write5
\openout5 = `Modeling_Streamer_TH.toc'.



[5] (./Modeling_Streamer_TH.lof

[6


]

[7]

[8]

[9]
Overfull \hbox (19.8815pt too wide) in paragraph at lines 23--23
 \TU/lmr/m/n/12 solutions from MCMC-points (3.14a) and MCMC-global (3.15a). One-dimensional 
 []



[10]

[11]

[12]

[13]

[14]

[15]

[16])
\tf@lof=\write6
\openout6 = `Modeling_Streamer_TH.lof'.



[17] (./Modeling_Streamer_TH.lot)
\tf@lot=\write7
\openout7 = `Modeling_Streamer_TH.lot'.



[18

]
Chapter 1.
(././Introduction.tex
Missing character: There is no ≳ (U+2273) in font [lmroman12-regular]:mapping=tex-text;!


[1


]

[2]

[3]
File: ./Results_image/Per_emb_2/mom0&mom1/Per-emb-2_model_vs_mom0_overlay_50.png Graphic file (type bmp)
<./Results_image/Per_emb_2/mom0&mom1/Per-emb-2_model_vs_mom0_overlay_50.png>
File: ./Results_image/Per_emb_2/mom0&mom1/Per-emb-2_model_vs_mom1_overlay_50.png Graphic file (type bmp)
<./Results_image/Per_emb_2/mom0&mom1/Per-emb-2_model_vs_mom1_overlay_50.png>
File: ./Results_image/Per_emb_50/mom0&mom1/Per-emb-50_mom0_cacheonly.png Graphic file (type bmp)
<./Results_image/Per_emb_50/mom0&mom1/Per-emb-50_mom0_cacheonly.png>
File: ./Results_image/Per_emb_50/mom0&mom1/Per-emb-50_mom1_cacheonly.png Graphic file (type bmp)
<./Results_image/Per_emb_50/mom0&mom1/Per-emb-50_mom1_cacheonly.png>
File: ./Results_image/SCrA/mom0&mom1/SCrA_mom0_cacheonly.png Graphic file (type bmp)
<./Results_image/SCrA/mom0&mom1/SCrA_mom0_cacheonly.png>
File: ./Results_image/SCrA/mom0&mom1/SCrA_mom1_cacheonly.png Graphic file (type bmp)
<./Results_image/SCrA/mom0&mom1/SCrA_mom1_cacheonly.png>
File: ./Results_image/HLTau/mom0&mom1/HLTau_mom0_cacheonly.png Graphic file (type bmp)
<./Results_image/HLTau/mom0&mom1/HLTau_mom0_cacheonly.png>
File: ./Results_image/HLTau/mom0&mom1/HLTau_mom1_cacheonly.png Graphic file (type bmp)
<./Results_image/HLTau/mom0&mom1/HLTau_mom1_cacheonly.png>


[4]

[5]

[6])

[7]
Chapter 2.
(././Methods.tex

[8

]

[9]

[10]

[11]

[12]

[13]

[14]
File: ./Results_image/Per_emb_2/mom0&1_centroid/Per-emb-2_weights_cacheonly.png Graphic file (type bmp)
<./Results_image/Per_emb_2/mom0&1_centroid/Per-emb-2_weights_cacheonly.png>
File: ./Results_image/Per_emb_2/mom0&1_centroid/Per-emb-2_model_vs_mom0_overlay_50.png Graphic file (type bmp)
<./Results_image/Per_emb_2/mom0&1_centroid/Per-emb-2_model_vs_mom0_overlay_50.png>
File: ./Results_image/Per_emb_2/mom0&1_centroid/Per-emb-2_model_vs_mom1_overlay_50.png Graphic file (type bmp)
<./Results_image/Per_emb_2/mom0&1_centroid/Per-emb-2_model_vs_mom1_overlay_50.png>
File: ./Results_image/Per_emb_50/mom0&1_centroid/Per-emb-50_weights_cacheonly.png Graphic file (type bmp)
<./Results_image/Per_emb_50/mom0&1_centroid/Per-emb-50_weights_cacheonly.png>
File: ./Results_image/Per_emb_50/mom0&1_centroid/Per-emb-50_mom0_cacheonly.png Graphic file (type bmp)
<./Results_image/Per_emb_50/mom0&1_centroid/Per-emb-50_mom0_cacheonly.png>
File: ./Results_image/Per_emb_50/mom0&1_centroid/Per-emb-50_mom1_cacheonly.png Graphic file (type bmp)
<./Results_image/Per_emb_50/mom0&1_centroid/Per-emb-50_mom1_cacheonly.png>
File: ./Results_image/SCrA/mom0&1_centroid/SCrA_weights_cacheonly.png Graphic file (type bmp)
<./Results_image/SCrA/mom0&1_centroid/SCrA_weights_cacheonly.png>
File: ./Results_image/SCrA/mom0&1_centroid/SCrA_mom0_cacheonly.png Graphic file (type bmp)
<./Results_image/SCrA/mom0&1_centroid/SCrA_mom0_cacheonly.png>
File: ./Results_image/SCrA/mom0&1_centroid/SCrA_mom1_cacheonly.png Graphic file (type bmp)
<./Results_image/SCrA/mom0&1_centroid/SCrA_mom1_cacheonly.png>
File: ./Results_image/HLTau/mom0&1_centroid/HLTau_weights_cacheonly.png Graphic file (type bmp)
<./Results_image/HLTau/mom0&1_centroid/HLTau_weights_cacheonly.png>
File: ./Results_image/HLTau/mom0&1_centroid/HLTau_mom0_cacheonly.png Graphic file (type bmp)
<./Results_image/HLTau/mom0&1_centroid/HLTau_mom0_cacheonly.png>
File: ./Results_image/HLTau/mom0&1_centroid/HLTau_mom1_cacheonly.png Graphic file (type bmp)
<./Results_image/HLTau/mom0&1_centroid/HLTau_mom1_cacheonly.png>


[15]

[16]

[17]

[18]

[19]

Package xeCJK Warning: Unknown CJK family `\CJKttdefault' is being ignored.
(xeCJK)                
(xeCJK)                Try to use `\setCJKmonofont[<...>]{<...>}' to define
(xeCJK)                it.



[20])

[21]
Chapter 3.
(././Results.tex
Overfull \hbox (10.68687pt too wide) in paragraph at lines 2--3
[]\TU/lmr/m/n/12 We adopt a hierarchical fitting strategy to constrain the five model parameters $\OT1/cmr/m/n/12 (\OML/cmm/m/it/12 ^^R; ^^^[]; i; t[]; !\OT1/cmr/m/n/12 )$\TU/lmr/m/n/12 ,
 []



[22

]
File: ./Results_image/Per_emb_2/grid_results/mcmc/peak/Per-emb-2_model_vs_mom0_overlay_50.png Graphic file (type bmp)
<./Results_image/Per_emb_2/grid_results/mcmc/peak/Per-emb-2_model_vs_mom0_overlay_50.png>
File: ./Results_image/Per_emb_2/grid_results/mcmc/median/Per-emb-2_model_vs_mom0_overlay_50.png Graphic file (type bmp)
<./Results_image/Per_emb_2/grid_results/mcmc/median/Per-emb-2_model_vs_mom0_overlay_50.png>
File: ./Results_image/Per_emb_2/grid_results/mcmc/peak/Per-emb-2_model_vs_mom1_overlay_50.png Graphic file (type bmp)
<./Results_image/Per_emb_2/grid_results/mcmc/peak/Per-emb-2_model_vs_mom1_overlay_50.png>
File: ./Results_image/Per_emb_2/grid_results/mcmc/median/Per-emb-2_model_vs_mom1_overlay_50.png Graphic file (type bmp)
<./Results_image/Per_emb_2/grid_results/mcmc/median/Per-emb-2_model_vs_mom1_overlay_50.png>


[23]
File: ./Results_image/Per_emb_2/grid_results/mcmc/peak/Per-emb-2_z_v_imshow_50.png Graphic file (type bmp)
<./Results_image/Per_emb_2/grid_results/mcmc/peak/Per-emb-2_z_v_imshow_50.png>
File: ./Results_image/Per_emb_2/grid_results/mcmc/median/Per-emb-2_z_v_imshow_50.png Graphic file (type bmp)
<./Results_image/Per_emb_2/grid_results/mcmc/median/Per-emb-2_z_v_imshow_50.png>
File: ./Results_image/Per_emb_2/grid_results/mcmc/peak/corner_mcmc_grid_peak5d_replot.png Graphic file (type bmp)
<./Results_image/Per_emb_2/grid_results/mcmc/peak/corner_mcmc_grid_peak5d_replot.png>
File: ./Results_image/Per_emb_2/grid_results/mcmc/median/corner_mcmc_grid_median_replot.png Graphic file (type bmp)
<./Results_image/Per_emb_2/grid_results/mcmc/median/corner_mcmc_grid_median_replot.png>


[24]

[25]

[26]

[27]
File: ./Results_image/Per_emb_50/shell_results/peak/Per-emb-50_mom0_cacheonly.png Graphic file (type bmp)
<./Results_image/Per_emb_50/shell_results/peak/Per-emb-50_mom0_cacheonly.png>
File: ./Results_image/Per_emb_50/shell_results/median/Per-emb-50_mom0_cacheonly.png Graphic file (type bmp)
<./Results_image/Per_emb_50/shell_results/median/Per-emb-50_mom0_cacheonly.png>
File: ./Results_image/Per_emb_50/shell_results/peak/Per-emb-50_mom1_cacheonly.png Graphic file (type bmp)
<./Results_image/Per_emb_50/shell_results/peak/Per-emb-50_mom1_cacheonly.png>
File: ./Results_image/Per_emb_50/shell_results/median/Per-emb-50_mom1_cacheonly.png Graphic file (type bmp)
<./Results_image/Per_emb_50/shell_results/median/Per-emb-50_mom1_cacheonly.png>


[28]
File: ./Results_image/Per_emb_50/shell_results/peak/Per-emb-50_z_v_data_overlay.png Graphic file (type bmp)
<./Results_image/Per_emb_50/shell_results/peak/Per-emb-50_z_v_data_overlay.png>
File: ./Results_image/Per_emb_50/shell_results/median/Per-emb-50_z_v_data_overlay.png Graphic file (type bmp)
<./Results_image/Per_emb_50/shell_results/median/Per-emb-50_z_v_data_overlay.png>
File: ./Results_image/Per_emb_50/shell_results/peak/corner_mcmc_shell_peak2d_cacheonly.png Graphic file (type bmp)
<./Results_image/Per_emb_50/shell_results/peak/corner_mcmc_shell_peak2d_cacheonly.png>
File: ./Results_image/Per_emb_50/shell_results/median/corner_mcmc_shell_median_cacheonly.png Graphic file (type bmp)
<./Results_image/Per_emb_50/shell_results/median/corner_mcmc_shell_median_cacheonly.png>


[29]
File: ./Results_image/SCrA/grid_results/mcmc/peak/SCrA_mom0_cacheonly.png Graphic file (type bmp)
<./Results_image/SCrA/grid_results/mcmc/peak/SCrA_mom0_cacheonly.png>
File: ./Results_image/SCrA/shell_results/peak/SCrA_mom0_cacheonly.png Graphic file (type bmp)
<./Results_image/SCrA/shell_results/peak/SCrA_mom0_cacheonly.png>
File: ./Results_image/SCrA/grid_results/mcmc/peak/SCrA_mom1_cacheonly.png Graphic file (type bmp)
<./Results_image/SCrA/grid_results/mcmc/peak/SCrA_mom1_cacheonly.png>
File: ./Results_image/SCrA/shell_results/peak/SCrA_mom1_cacheonly.png Graphic file (type bmp)
<./Results_image/SCrA/shell_results/peak/SCrA_mom1_cacheonly.png>


[30]

[31]

[32]
File: ./Results_image/SCrA/grid_results/mcmc/peak/SCrA_z_v_data_overlay.png Graphic file (type bmp)
<./Results_image/SCrA/grid_results/mcmc/peak/SCrA_z_v_data_overlay.png>
File: ./Results_image/SCrA/shell_results/peak/SCrA_z_v_data_overlay.png Graphic file (type bmp)
<./Results_image/SCrA/shell_results/peak/SCrA_z_v_data_overlay.png>
File: ./Results_image/SCrA/grid_results/mcmc/peak/corner_mcmc_grid_peak5d_cacheonly.png Graphic file (type bmp)
<./Results_image/SCrA/grid_results/mcmc/peak/corner_mcmc_grid_peak5d_cacheonly.png>
File: ./Results_image/SCrA/shell_results/peak/corner_mcmc_shell_peak5d_cacheonly.png Graphic file (type bmp)
<./Results_image/SCrA/shell_results/peak/corner_mcmc_shell_peak5d_cacheonly.png>


[33]

[34]

[35]

[36]
File: ./Results_image/HLTau/grid_results/mcmc/median/HLTau_mom0_cacheonly.png Graphic file (type bmp)
<./Results_image/HLTau/grid_results/mcmc/median/HLTau_mom0_cacheonly.png>
File: ./Results_image/HLTau/shell_results/median/HLTau_mom0_cacheonly.png Graphic file (type bmp)
<./Results_image/HLTau/shell_results/median/HLTau_mom0_cacheonly.png>
File: ./Results_image/HLTau/grid_results/mcmc/median/HLTau_mom1_cacheonly.png Graphic file (type bmp)
<./Results_image/HLTau/grid_results/mcmc/median/HLTau_mom1_cacheonly.png>
File: ./Results_image/HLTau/shell_results/median/HLTau_mom1_cacheonly.png Graphic file (type bmp)
<./Results_image/HLTau/shell_results/median/HLTau_mom1_cacheonly.png>
File: ./Results_image/HLTau/grid_results/mcmc/median/HLTau_z_v_data_overlay.png Graphic file (type bmp)
<./Results_image/HLTau/grid_results/mcmc/median/HLTau_z_v_data_overlay.png>
File: ./Results_image/HLTau/shell_results/median/HLTau_z_v_data_overlay.png Graphic file (type bmp)
<./Results_image/HLTau/shell_results/median/HLTau_z_v_data_overlay.png>


[37]
File: ./Results_image/HLTau/grid_results/mcmc/median/corner_mcmc_grid_median_cacheonly.png Graphic file (type bmp)
<./Results_image/HLTau/grid_results/mcmc/median/corner_mcmc_grid_median_cacheonly.png>
File: ./Results_image/HLTau/shell_results/median/corner_mcmc_shell_median_cacheonly.png Graphic file (type bmp)
<./Results_image/HLTau/shell_results/median/corner_mcmc_shell_median_cacheonly.png>


[38]

[39]

[40]

[41]

[42]

[43])

[44]
Chapter 4.
(././Discussion.tex

[45

])

[46]

[47]
Chapter 5.
(././Conclusion.tex

[48

]) (./Modeling_Streamer_TH.bbl

[49]
! Undefined control sequence.
l.9 {Cassen}, P., \& {Moosman}, A. 1981, \icarus
                                                , 48, 353, \dodoi{10.1016/00...
The control sequence at the end of the top line
of your error message was never \def'ed. If you have
misspelled it (e.g., `\hobx'), type `I' and the correct
spelling (e.g., `I\hbox'). Otherwise just continue,
and I'll forget about whatever was undefined.

! Undefined control sequence.
l.12 ..., {Lang}, D., \& {Goodman}, J. 2013, \pasp
                                                  , 125, 306, \dodoi{10.1086...
The control sequence at the end of the top line
of your error message was never \def'ed. If you have
misspelled it (e.g., `\hobx'), type `I' and the correct
spelling (e.g., `I\hbox'). Otherwise just continue,
and I'll forget about whatever was undefined.

! Undefined control sequence.
l.15 ... {Tambovsteva}, L.~V., {et~al.} 2018, \aap
                                                  , 614, A117, \dodoi{10.105...
The control sequence at the end of the top line
of your error message was never \def'ed. If you have
misspelled it (e.g., `\hobx'), type `I' and the correct
spelling (e.g., `I\hbox'). Otherwise just continue,
and I'll forget about whatever was undefined.

! Undefined control sequence.
l.18 ...A., {Brown}, A.~G.~A., {et~al.} 2023, \aap
                                                  , 674, A1, \dodoi{10.1051/...
The control sequence at the end of the top line
of your error message was never \def'ed. If you have
misspelled it (e.g., `\hobx'), type `I' and the correct
spelling (e.g., `I\hbox'). Otherwise just continue,
and I'll forget about whatever was undefined.

! Undefined control sequence.
l.21 ...rtiz-L{\'e}on}, G.~N., {et~al.} 2018, \apj
                                                  , 859, 33, \dodoi{10.3847/...
The control sequence at the end of the top line
of your error message was never \def'ed. If you have
misspelled it (e.g., `\hobx'), type `I' and the correct
spelling (e.g., `I\hbox'). Otherwise just continue,
and I'll forget about whatever was undefined.

! Undefined control sequence.
l.24 ..., A., {Manara}, C.~F., {et~al.} 2023, \aap
                                                  , 670, L8, \dodoi{10.1051/...
The control sequence at the end of the top line
of your error message was never \def'ed. If you have
misspelled it (e.g., `\hobx'), type `I' and the correct
spelling (e.g., `I\hbox'). Otherwise just continue,
and I'll forget about whatever was undefined.

! Undefined control sequence.
l.27 ....~M., {Pineda}, J.~E., {et~al.} 2023, \aap
                                                  , 669, A137, \dodoi{10.105...
The control sequence at the end of the top line
of your error message was never \def'ed. If you have
misspelled it (e.g., `\hobx'), type `I' and the correct
spelling (e.g., `I\hbox'). Otherwise just continue,
and I'll forget about whatever was undefined.

! Undefined control sequence.
l.30 {Larson}, R.~B. 1969, \mnras
                                 , 145, 271, \dodoi{10.1093/mnras/145.3.271}
The control sequence at the end of the top line
of your error message was never \def'ed. If you have
misspelled it (e.g., `\hobx'), type `I' and the correct
spelling (e.g., `I\hbox'). Otherwise just continue,
and I'll forget about whatever was undefined.

! Undefined control sequence.
l.33 ... {Tejeda}, E., \& {Nagel}, E. 2009, \mnras
                                                  , 393, 579, \dodoi{10.1111...
The control sequence at the end of the top line
of your error message was never \def'ed. If you have
misspelled it (e.g., `\hobx'), type `I' and the correct
spelling (e.g., `I\hbox'). Otherwise just continue,
and I'll forget about whatever was undefined.

! Undefined control sequence.
l.36 ..., {Kristensen}, L.~E., {et~al.} 2017, \aap
                                                  , 600, A99, \dodoi{10.1051...
The control sequence at the end of the top line
of your error message was never \def'ed. If you have
misspelled it (e.g., `\hobx'), type `I' and the correct
spelling (e.g., `I\hbox'). Otherwise just continue,
and I'll forget about whatever was undefined.

! Undefined control sequence.
l.39 ...d}, L., {Dzib}, S.~A., {et~al.} 2018, \apj
                                                  , 865, 73, \dodoi{10.3847/...
The control sequence at the end of the top line
of your error message was never \def'ed. If you have
misspelled it (e.g., `\hobx'), type `I' and the correct
spelling (e.g., `I\hbox'). Otherwise just continue,
and I'll forget about whatever was undefined.



[50

]
! Undefined control sequence.
l.42 {Penston}, M.~V. 1969, \mnras
                                  , 144, 425, \dodoi{10.1093/mnras/144.4.425}
The control sequence at the end of the top line
of your error message was never \def'ed. If you have
misspelled it (e.g., `\hobx'), type `I' and the correct
spelling (e.g., `I\hbox'). Otherwise just continue,
and I'll forget about whatever was undefined.

! Undefined control sequence.
l.48 ....~J., {Tobin}, J.~J., {et~al.} 2016, \apjl
                                                  , 817, L14, \dodoi{10.3847...
The control sequence at the end of the top line
of your error message was never \def'ed. If you have
misspelled it (e.g., `\hobx'), type `I' and the correct
spelling (e.g., `I\hbox'). Otherwise just continue,
and I'll forget about whatever was undefined.

! Undefined control sequence.
l.51 {Shu}, F.~H. 1977, \apj
                            , 214, 488, \dodoi{10.1086/155274}
The control sequence at the end of the top line
of your error message was never \def'ed. If you have
misspelled it (e.g., `\hobx'), type `I' and the correct
spelling (e.g., `I\hbox'). Otherwise just continue,
and I'll forget about whatever was undefined.

! Undefined control sequence.
l.54 ...~L., {Dunham}, M.~M., {et~al.} 2019, \apjs
                                                  , 245, 21, \dodoi{10.3847/...
The control sequence at the end of the top line
of your error message was never \def'ed. If you have
misspelled it (e.g., `\hobx'), type `I' and the correct
spelling (e.g., `I\hbox'). Otherwise just continue,
and I'll forget about whatever was undefined.

! Undefined control sequence.
l.57 ...}, L.~W., {Li}, Z.-Y., {et~al.} 2018, \apj
                                                  , 867, 43, \dodoi{10.3847/...
The control sequence at the end of the top line
of your error message was never \def'ed. If you have
misspelled it (e.g., `\hobx'), type `I' and the correct
spelling (e.g., `I\hbox'). Otherwise just continue,
and I'll forget about whatever was undefined.

! Undefined control sequence.
l.60 {Ulrich}, R.~K. 1976, \apj
                               , 210, 377, \dodoi{10.1086/154840}
The control sequence at the end of the top line
of your error message was never \def'ed. If you have
misspelled it (e.g., `\hobx'), type `I' and the correct
spelling (e.g., `I\hbox'). Otherwise just continue,
and I'll forget about whatever was undefined.

! Undefined control sequence.
l.63 ..., {Segura-Cox}, D.~M., {et~al.} 2022, \aap
                                                  , 667, A12, \dodoi{10.1051...
The control sequence at the end of the top line
of your error message was never \def'ed. If you have
misspelled it (e.g., `\hobx'), type `I' and the correct
spelling (e.g., `I\hbox'). Otherwise just continue,
and I'll forget about whatever was undefined.

! Undefined control sequence.
l.66 ...tworth}, A., \& {Summers}, D. 1985, \mnras
                                                  , 214, 1, \dodoi{10.1093/m...
The control sequence at the end of the top line
of your error message was never \def'ed. If you have
misspelled it (e.g., `\hobx'), type `I' and the correct
spelling (e.g., `I\hbox'). Otherwise just continue,
and I'll forget about whatever was undefined.

! Undefined control sequence.
l.69 ..., P.-G., {Hirano}, N., {et~al.} 2019, \apj
                                                  , 880, 69, \dodoi{10.3847/...
The control sequence at the end of the top line
of your error message was never \def'ed. If you have
misspelled it (e.g., `\hobx'), type `I' and the correct
spelling (e.g., `I\hbox'). Otherwise just continue,
and I'll forget about whatever was undefined.

! Undefined control sequence.
l.72 ...~F., {Speagle}, J.~S., {et~al.} 2018, \apj
                                                  , 869, 83, \dodoi{10.3847/...
The control sequence at the end of the top line
of your error message was never \def'ed. If you have
misspelled it (e.g., `\hobx'), type `I' and the correct
spelling (e.g., `I\hbox'). Otherwise just continue,
and I'll forget about whatever was undefined.

) (././Appendix.tex

[51]
Appendix A.


[52

]
Appendix B.
File: ./Results_image/Per_emb_2/grid_results/Per-emb-2_model_vs_mom0_overlay_50.png Graphic file (type bmp)
<./Results_image/Per_emb_2/grid_results/Per-emb-2_model_vs_mom0_overlay_50.png>
File: ./Results_image/Per_emb_2/grid_results/mcmc/peak/Per-emb-2_model_vs_mom0_overlay_50.png Graphic file (type bmp)
<./Results_image/Per_emb_2/grid_results/mcmc/peak/Per-emb-2_model_vs_mom0_overlay_50.png>
File: ./Results_image/Per_emb_2/grid_results/mcmc/median/Per-emb-2_model_vs_mom0_overlay_50.png Graphic file (type bmp)
<./Results_image/Per_emb_2/grid_results/mcmc/median/Per-emb-2_model_vs_mom0_overlay_50.png>
File: ./Results_image/Per_emb_2/grid_results/Per-emb-2_model_vs_mom1_overlay_50.png Graphic file (type bmp)
<./Results_image/Per_emb_2/grid_results/Per-emb-2_model_vs_mom1_overlay_50.png>
File: ./Results_image/Per_emb_2/grid_results/mcmc/peak/Per-emb-2_model_vs_mom1_overlay_50.png Graphic file (type bmp)
<./Results_image/Per_emb_2/grid_results/mcmc/peak/Per-emb-2_model_vs_mom1_overlay_50.png>
File: ./Results_image/Per_emb_2/grid_results/mcmc/median/Per-emb-2_model_vs_mom1_overlay_50.png Graphic file (type bmp)
<./Results_image/Per_emb_2/grid_results/mcmc/median/Per-emb-2_model_vs_mom1_overlay_50.png>
File: ./Results_image/Per_emb_2/grid_results/Per-emb-2_z_v_imshow_50.png Graphic file (type bmp)
<./Results_image/Per_emb_2/grid_results/Per-emb-2_z_v_imshow_50.png>
File: ./Results_image/Per_emb_2/grid_results/mcmc/peak/Per-emb-2_z_v_imshow_50.png Graphic file (type bmp)
<./Results_image/Per_emb_2/grid_results/mcmc/peak/Per-emb-2_z_v_imshow_50.png>
File: ./Results_image/Per_emb_2/grid_results/mcmc/median/Per-emb-2_z_v_imshow_50.png Graphic file (type bmp)
<./Results_image/Per_emb_2/grid_results/mcmc/median/Per-emb-2_z_v_imshow_50.png>
File: ./Results_image/Per_emb_2/grid_results/mcmc/peak/corner_mcmc_grid_peak5d_replot.png Graphic file (type bmp)
<./Results_image/Per_emb_2/grid_results/mcmc/peak/corner_mcmc_grid_peak5d_replot.png>
File: ./Results_image/Per_emb_2/grid_results/mcmc/median/corner_mcmc_grid_median_replot.png Graphic file (type bmp)
<./Results_image/Per_emb_2/grid_results/mcmc/median/corner_mcmc_grid_median_replot.png>
File: ./Results_image/Per_emb_50/grid_results/Per-emb-50_mom0_cacheonly.png Graphic file (type bmp)
<./Results_image/Per_emb_50/grid_results/Per-emb-50_mom0_cacheonly.png>
File: ./Results_image/Per_emb_50/grid_results/mcmc/peak/Per-emb-50_mom0_cacheonly.png Graphic file (type bmp)
<./Results_image/Per_emb_50/grid_results/mcmc/peak/Per-emb-50_mom0_cacheonly.png>
File: ./Results_image/Per_emb_50/grid_results/mcmc/median/Per-emb-50_mom0_cacheonly.png Graphic file (type bmp)
<./Results_image/Per_emb_50/grid_results/mcmc/median/Per-emb-50_mom0_cacheonly.png>
File: ./Results_image/Per_emb_50/shell_results/peak/Per-emb-50_mom0_cacheonly.png Graphic file (type bmp)
<./Results_image/Per_emb_50/shell_results/peak/Per-emb-50_mom0_cacheonly.png>
File: ./Results_image/Per_emb_50/shell_results/median/Per-emb-50_mom0_cacheonly.png Graphic file (type bmp)
<./Results_image/Per_emb_50/shell_results/median/Per-emb-50_mom0_cacheonly.png>
File: ./Results_image/Per_emb_50/grid_results/Per-emb-50_mom1_cacheonly.png Graphic file (type bmp)
<./Results_image/Per_emb_50/grid_results/Per-emb-50_mom1_cacheonly.png>
File: ./Results_image/Per_emb_50/grid_results/mcmc/peak/Per-emb-50_mom1_cacheonly.png Graphic file (type bmp)
<./Results_image/Per_emb_50/grid_results/mcmc/peak/Per-emb-50_mom1_cacheonly.png>
File: ./Results_image/Per_emb_50/grid_results/mcmc/median/Per-emb-50_mom1_cacheonly.png Graphic file (type bmp)
<./Results_image/Per_emb_50/grid_results/mcmc/median/Per-emb-50_mom1_cacheonly.png>
File: ./Results_image/Per_emb_50/shell_results/peak/Per-emb-50_mom1_cacheonly.png Graphic file (type bmp)
<./Results_image/Per_emb_50/shell_results/peak/Per-emb-50_mom1_cacheonly.png>
File: ./Results_image/Per_emb_50/shell_results/median/Per-emb-50_mom1_cacheonly.png Graphic file (type bmp)
<./Results_image/Per_emb_50/shell_results/median/Per-emb-50_mom1_cacheonly.png>
File: ./Results_image/Per_emb_50/grid_results/Per-emb-50_z_v_data_overlay.png Graphic file (type bmp)
<./Results_image/Per_emb_50/grid_results/Per-emb-50_z_v_data_overlay.png>
File: ./Results_image/Per_emb_50/grid_results/mcmc/peak/Per-emb-50_z_v_data_overlay.png Graphic file (type bmp)
<./Results_image/Per_emb_50/grid_results/mcmc/peak/Per-emb-50_z_v_data_overlay.png>
File: ./Results_image/Per_emb_50/grid_results/mcmc/median/Per-emb-50_z_v_data_overlay.png Graphic file (type bmp)
<./Results_image/Per_emb_50/grid_results/mcmc/median/Per-emb-50_z_v_data_overlay.png>
File: ./Results_image/Per_emb_50/shell_results/peak/Per-emb-50_z_v_data_overlay.png Graphic file (type bmp)
<./Results_image/Per_emb_50/shell_results/peak/Per-emb-50_z_v_data_overlay.png>
File: ./Results_image/Per_emb_50/shell_results/median/Per-emb-50_z_v_data_overlay.png Graphic file (type bmp)
<./Results_image/Per_emb_50/shell_results/median/Per-emb-50_z_v_data_overlay.png>
File: ./Results_image/Per_emb_50/grid_results/mcmc/peak/corner_mcmc_grid_peak5d_cacheonly.png Graphic file (type bmp)
<./Results_image/Per_emb_50/grid_results/mcmc/peak/corner_mcmc_grid_peak5d_cacheonly.png>
File: ./Results_image/Per_emb_50/grid_results/mcmc/median/corner_mcmc_grid_median_cacheonly.png Graphic file (type bmp)
<./Results_image/Per_emb_50/grid_results/mcmc/median/corner_mcmc_grid_median_cacheonly.png>
File: ./Results_image/Per_emb_50/shell_results/peak/corner_mcmc_shell_peak5d_cacheonly.png Graphic file (type bmp)
<./Results_image/Per_emb_50/shell_results/peak/corner_mcmc_shell_peak5d_cacheonly.png>
File: ./Results_image/Per_emb_50/shell_results/median/corner_mcmc_shell_median_cacheonly.png Graphic file (type bmp)
<./Results_image/Per_emb_50/shell_results/median/corner_mcmc_shell_median_cacheonly.png>
File: ./Results_image/SCrA/grid_results/SCrA_mom0_cacheonly.png Graphic file (type bmp)
<./Results_image/SCrA/grid_results/SCrA_mom0_cacheonly.png>
File: ./Results_image/SCrA/grid_results/mcmc/peak/SCrA_mom0_cacheonly.png Graphic file (type bmp)
<./Results_image/SCrA/grid_results/mcmc/peak/SCrA_mom0_cacheonly.png>
File: ./Results_image/SCrA/grid_results/mcmc/median/SCrA_mom0_cacheonly.png Graphic file (type bmp)
<./Results_image/SCrA/grid_results/mcmc/median/SCrA_mom0_cacheonly.png>
File: ./Results_image/SCrA/shell_results/peak/SCrA_mom0_cacheonly.png Graphic file (type bmp)
<./Results_image/SCrA/shell_results/peak/SCrA_mom0_cacheonly.png>
File: ./Results_image/SCrA/shell_results/median/SCrA_mom0_cacheonly.png Graphic file (type bmp)
<./Results_image/SCrA/shell_results/median/SCrA_mom0_cacheonly.png>
File: ./Results_image/SCrA/grid_results/SCrA_mom1_cacheonly.png Graphic file (type bmp)
<./Results_image/SCrA/grid_results/SCrA_mom1_cacheonly.png>
File: ./Results_image/SCrA/grid_results/mcmc/peak/SCrA_mom1_cacheonly.png Graphic file (type bmp)
<./Results_image/SCrA/grid_results/mcmc/peak/SCrA_mom1_cacheonly.png>
File: ./Results_image/SCrA/grid_results/mcmc/median/SCrA_mom1_cacheonly.png Graphic file (type bmp)
<./Results_image/SCrA/grid_results/mcmc/median/SCrA_mom1_cacheonly.png>
File: ./Results_image/SCrA/shell_results/peak/SCrA_mom1_cacheonly.png Graphic file (type bmp)
<./Results_image/SCrA/shell_results/peak/SCrA_mom1_cacheonly.png>
File: ./Results_image/SCrA/shell_results/median/SCrA_mom1_cacheonly.png Graphic file (type bmp)
<./Results_image/SCrA/shell_results/median/SCrA_mom1_cacheonly.png>
File: ./Results_image/SCrA/grid_results/SCrA_z_v_data_overlay.png Graphic file (type bmp)
<./Results_image/SCrA/grid_results/SCrA_z_v_data_overlay.png>
File: ./Results_image/SCrA/grid_results/mcmc/peak/SCrA_z_v_data_overlay.png Graphic file (type bmp)
<./Results_image/SCrA/grid_results/mcmc/peak/SCrA_z_v_data_overlay.png>
File: ./Results_image/SCrA/grid_results/mcmc/median/SCrA_z_v_data_overlay.png Graphic file (type bmp)
<./Results_image/SCrA/grid_results/mcmc/median/SCrA_z_v_data_overlay.png>
File: ./Results_image/SCrA/shell_results/peak/SCrA_z_v_data_overlay.png Graphic file (type bmp)
<./Results_image/SCrA/shell_results/peak/SCrA_z_v_data_overlay.png>
File: ./Results_image/SCrA/shell_results/median/SCrA_z_v_data_overlay.png Graphic file (type bmp)
<./Results_image/SCrA/shell_results/median/SCrA_z_v_data_overlay.png>
File: ./Results_image/SCrA/grid_results/mcmc/peak/corner_mcmc_grid_peak5d_cacheonly.png Graphic file (type bmp)
<./Results_image/SCrA/grid_results/mcmc/peak/corner_mcmc_grid_peak5d_cacheonly.png>
File: ./Results_image/SCrA/grid_results/mcmc/median/corner_mcmc_grid_median_cacheonly.png Graphic file (type bmp)
<./Results_image/SCrA/grid_results/mcmc/median/corner_mcmc_grid_median_cacheonly.png>
File: ./Results_image/SCrA/shell_results/peak/corner_mcmc_shell_peak5d_cacheonly.png Graphic file (type bmp)
<./Results_image/SCrA/shell_results/peak/corner_mcmc_shell_peak5d_cacheonly.png>
File: ./Results_image/SCrA/shell_results/median/corner_mcmc_shell_median_cacheonly.png Graphic file (type bmp)
<./Results_image/SCrA/shell_results/median/corner_mcmc_shell_median_cacheonly.png>
File: ./Results_image/HLTau/grid_results/HLTau_mom0_cacheonly.png Graphic file (type bmp)
<./Results_image/HLTau/grid_results/HLTau_mom0_cacheonly.png>
File: ./Results_image/HLTau/grid_results/mcmc/peak/HLTau_mom0_cacheonly.png Graphic file (type bmp)
<./Results_image/HLTau/grid_results/mcmc/peak/HLTau_mom0_cacheonly.png>
File: ./Results_image/HLTau/grid_results/mcmc/median/HLTau_mom0_cacheonly.png Graphic file (type bmp)
<./Results_image/HLTau/grid_results/mcmc/median/HLTau_mom0_cacheonly.png>
File: ./Results_image/HLTau/shell_results/peak/HLTau_mom0_cacheonly.png Graphic file (type bmp)
<./Results_image/HLTau/shell_results/peak/HLTau_mom0_cacheonly.png>
File: ./Results_image/HLTau/shell_results/median/HLTau_mom0_cacheonly.png Graphic file (type bmp)
<./Results_image/HLTau/shell_results/median/HLTau_mom0_cacheonly.png>
File: ./Results_image/HLTau/grid_results/HLTau_mom1_cacheonly.png Graphic file (type bmp)
<./Results_image/HLTau/grid_results/HLTau_mom1_cacheonly.png>
File: ./Results_image/HLTau/grid_results/mcmc/peak/HLTau_mom1_cacheonly.png Graphic file (type bmp)
<./Results_image/HLTau/grid_results/mcmc/peak/HLTau_mom1_cacheonly.png>
File: ./Results_image/HLTau/grid_results/mcmc/median/HLTau_mom1_cacheonly.png Graphic file (type bmp)
<./Results_image/HLTau/grid_results/mcmc/median/HLTau_mom1_cacheonly.png>
File: ./Results_image/HLTau/shell_results/peak/HLTau_mom1_cacheonly.png Graphic file (type bmp)
<./Results_image/HLTau/shell_results/peak/HLTau_mom1_cacheonly.png>
File: ./Results_image/HLTau/shell_results/median/HLTau_mom1_cacheonly.png Graphic file (type bmp)
<./Results_image/HLTau/shell_results/median/HLTau_mom1_cacheonly.png>
File: ./Results_image/HLTau/grid_results/HLTau_z_v_data_overlay.png Graphic file (type bmp)
<./Results_image/HLTau/grid_results/HLTau_z_v_data_overlay.png>
File: ./Results_image/HLTau/grid_results/mcmc/peak/HLTau_z_v_data_overlay.png Graphic file (type bmp)
<./Results_image/HLTau/grid_results/mcmc/peak/HLTau_z_v_data_overlay.png>
File: ./Results_image/HLTau/grid_results/mcmc/median/HLTau_z_v_data_overlay.png Graphic file (type bmp)
<./Results_image/HLTau/grid_results/mcmc/median/HLTau_z_v_data_overlay.png>
File: ./Results_image/HLTau/shell_results/peak/HLTau_z_v_data_overlay.png Graphic file (type bmp)
<./Results_image/HLTau/shell_results/peak/HLTau_z_v_data_overlay.png>
File: ./Results_image/HLTau/shell_results/median/HLTau_z_v_data_overlay.png Graphic file (type bmp)
<./Results_image/HLTau/shell_results/median/HLTau_z_v_data_overlay.png>


[53

]

[54]

[55]

[56]

[57]

[58]

[59]
File: ./Results_image/HLTau/grid_results/mcmc/peak/corner_mcmc_grid_peak5d_cacheonly.png Graphic file (type bmp)
<./Results_image/HLTau/grid_results/mcmc/peak/corner_mcmc_grid_peak5d_cacheonly.png>
File: ./Results_image/HLTau/grid_results/mcmc/median/corner_mcmc_grid_median_cacheonly.png Graphic file (type bmp)
<./Results_image/HLTau/grid_results/mcmc/median/corner_mcmc_grid_median_cacheonly.png>
File: ./Results_image/HLTau/shell_results/peak/corner_mcmc_shell_peak5d_cacheonly.png Graphic file (type bmp)
<./Results_image/HLTau/shell_results/peak/corner_mcmc_shell_peak5d_cacheonly.png>
File: ./Results_image/HLTau/shell_results/median/corner_mcmc_shell_median_cacheonly.png Graphic file (type bmp)
<./Results_image/HLTau/shell_results/median/corner_mcmc_shell_median_cacheonly.png>


[60]

[61]

[62]

[63]

[64]

[65]

[66]

[67]

[68]

[69]

[70]

[71]

[72]

[73]

[74]

[75]

[76]

[77]

[78]

[79]

[80]

[81]

[82]

[83]

[84]

[85]

[86

]) (./Modeling_Streamer_TH.aux)
 ***********
LaTeX2e <2024-11-01> patch level 2
L3 programming layer <2022/08/05>
 ***********


 *File List*
NTNUthesis.cls    
  report.cls    2024/06/29 v1.4n Standard LaTeX document class
  size12.clo    2024/06/29 v1.4n Standard LaTeX file (size option)
geometry.sty    2020/01/02 v5.9 Page Geometry
  keyval.sty    2022/05/29 v1.15 key=value parser (DPC)
  ifvtex.sty    2019/10/25 v1.7 ifvtex legacy package. Use iftex instead.
   iftex.sty    2024/12/12 v1.0g TeX engine tests
indentfirst.sty    2023/07/02 v1.03 Indent first paragraph (DPC)
setspace.sty    2022/12/04 v6.7b set line spacing
 CJKutf8.sty    2021/10/16 4.8.5
   ifpdf.sty    2019/10/25 v3.4 ifpdf legacy package. Use iftex instead.
inputenc.sty    2024/02/08 v1.3d Input encoding file
     CJK.sty    2021/10/16 4.8.5
 MULEenc.sty    2021/10/16 4.8.5
 fontenc.sty    2021/04/29 v2.0v Standard LaTeX package
tocbibind.sty    2010/10/13 v1.5k extra ToC listings
hyperref.sty    2024-11-05 v7.01l Hypertext links for LaTeX
kvsetkeys.sty    2022-10-05 v1.19 Key value parser (HO)
kvdefinekeys.sty    2019-12-19 v1.6 Define keys (HO)
pdfescape.sty    2019/12/09 v1.15 Implements pdfTeX's escape features (HO)
 ltxcmds.sty    2023-12-04 v1.26 LaTeX kernel commands for general use (HO)
pdftexcmds.sty    2020-06-27 v0.33 Utility functions of pdfTeX for LuaTeX (HO)
infwarerr.sty    2019/12/03 v1.5 Providing info/warning/error messages (HO)
 hycolor.sty    2020-01-27 v1.10 Color options for hyperref/bookmark (HO)
 nameref.sty    2023-11-26 v2.56 Cross-referencing by name of section
refcount.sty    2019/12/15 v3.6 Data extraction from label references (HO)
gettitlestring.sty    2019/12/15 v1.6 Cleanup title references (HO)
kvoptions.sty    2022-06-15 v3.15 Key value format for package options (HO)
etoolbox.sty    2025/02/11 v2.5l e-TeX tools for LaTeX (JAW)
stringenc.sty    2019/11/29 v1.12 Convert strings between diff. encodings (HO)
  pd1enc.def    2024-11-05 v7.01l Hyperref: PDFDocEncoding definition (HO)
 intcalc.sty    2019/12/15 v1.3 Expandable calculations with integers (HO)
   puenc.def    2024-11-05 v7.01l Hyperref: PDF Unicode definition (HO)
     url.sty    2013/09/16  ver 3.4  Verb mode for urls, etc.
  bitset.sty    2019/12/09 v1.3 Handle bit-vector datatype (HO)
bigintcalc.sty    2019/12/15 v1.5 Expandable calculations on big integers (HO)
atbegshi-ltx.sty    2021/01/10 v1.0c Emulation of the original atbegshi
package with kernel methods
  hxetex.def    2024-11-05 v7.01l Hyperref driver for XeTeX
rerunfilecheck.sty    2022-07-10 v1.10 Rerun checks for auxiliary files (HO)
atveryend-ltx.sty    2020/08/19 v1.0a Emulation of the original atveryend package
with kernel methods
uniquecounter.sty    2019/12/15 v1.4 Provide unlimited unique counter (HO)
    tikz.sty    2023-01-15 v3.1.10 (3.1.10)
     pgf.sty    2023-01-15 v3.1.10 (3.1.10)
  pgfrcs.sty    2023-01-15 v3.1.10 (3.1.10)
pgfrcs.code.tex
 pgfcore.sty    2023-01-15 v3.1.10 (3.1.10)
graphicx.sty    2021/09/16 v1.2d Enhanced LaTeX Graphics (DPC,SPQR)
graphics.sty    2024/08/06 v1.4g Standard LaTeX Graphics (DPC,SPQR)
    trig.sty    2023/12/02 v1.11 sin cos tan (DPC)
graphics.cfg    2016/06/04 v1.11 sample graphics configuration
   xetex.def    2022/09/22 v5.0n Graphics/color driver for xetex
  pgfsys.sty    2023-01-15 v3.1.10 (3.1.10)
pgfsys.code.tex
pgfsyssoftpath.code.tex    2023-01-15 v3.1.10 (3.1.10)
pgfsysprotocol.code.tex    2023-01-15 v3.1.10 (3.1.10)
  xcolor.sty    2024/09/29 v3.02 LaTeX color extensions (UK)
   color.cfg    2016/01/02 v1.6 sample color configuration
mathcolor.ltx
pgfcore.code.tex
pgfcomp-version-0-65.sty    2023-01-15 v3.1.10 (3.1.10)
pgfcomp-version-1-18.sty    2023-01-15 v3.1.10 (3.1.10)
  pgffor.sty    2023-01-15 v3.1.10 (3.1.10)
 pgfkeys.sty    
pgfkeys.code.tex
 pgfmath.sty    
pgfmath.code.tex
pgffor.code.tex
tikz.code.tex
zhnumber.sty    2022/07/14 v3.0 Typesetting numbers with Chinese glyphs
   expl3.sty    2025-01-18 L3 programming layer (loader) 
l3backend-xetex.def    2024-05-08 L3 backend support: XeTeX
zhnumber-utf8.cfg    2022/07/14 v3.0 Chinese numerals with UTF8 encoding
   xeCJK.sty    2022/08/05 v3.9.1 Typesetting CJK scripts with XeLaTeX
ctexhook.sty    2022/07/14 v2.5.10 Document and package hooks (CTEX)
xtemplate.sty    2024-08-16 L3 Experimental prototype document functions
fontspec.sty    2024/05/11 v2.9e Font selection for XeLaTeX and LuaLaTeX
  xparse.sty    2024-08-16 L3 Experimental document command parser
fontspec-xetex.sty    2024/05/11 v2.9e Font selection for XeLaTeX and LuaLaTeX
 fontenc.sty    2021/04/29 v2.0v Standard LaTeX package
fontspec.cfg
   xeCJK.cfg    2022/08/05 v3.9.1 Configuration file for xeCJK package
 amsmath.sty    2024/11/05 v2.17t AMS math features
 amstext.sty    2021/08/26 v2.01 AMS text
  amsgen.sty    1999/11/30 v2.0 generic functions
  amsbsy.sty    1999/11/29 v1.2d Bold Symbols
  amsopn.sty    2022/04/08 v2.04 operator names
longtable.sty    2024-10-27 v4.22 Multi-page Table package (DPC)
tabularx.sty    2023/12/11 v2.12a `tabularx' package (DPC)
   array.sty    2024/10/17 v2.6g Tabular extension package (FMi)
multirow.sty    2024/11/12 v2.9 Span multiple rows of a table
makecell.sty    2009/08/03 V0.1e Managing of Tab Column Heads and Cells
   units.sty    1998/08/04 v0.9b Typesetting units
  ifthen.sty    2024/03/16 v1.1e Standard LaTeX ifthen package (DPC)
nicefrac.sty    1998/08/04 v0.9b Nice fractions
dvipsnam.def    2016/06/17 v3.0m Driver-dependent file (DPC,SPQR)
  cancel.sty    2013/04/12 v2.2 Cancel math terms
   float.sty    2001/11/08 v1.3d Float enhancements (AL)
booktabs.sty    2020/01/12 v1.61803398 Publication quality tables
pdflscape.sty    2022-10-27 v0.13 Display of landscape pages in PDF
pdflscape-nometadata.sty    2022-10-28 v0.13 Display of landscape pages in PDF (HO)
  lscape.sty    2020/05/28 v3.02 Landscape Pages (DPC)
 citeall.sty    2017/12/03 v1.4 a package to test biblatex-cite commands
  natbib.sty    2010/09/13 8.31b (PWD, AO)
  import.sty    2020/04/01  v 6.2
 authblk.sty    2001/02/27 1.3 (PWD)
  xspace.sty    2014/10/28 v1.13 Space after command names (DPC,MH)
 caption.sty    2023/08/05 v3.6o Customizing captions (AR)
caption3.sty    2023/07/31 v2.4d caption3 kernel (AR)
ltcaption.sty    2021/01/08 v1.4c longtable captions (AR)
subcaption.sty    2023/07/28 v1.6b Sub-captions (AR)
Modeling_Streamer_TH.out
Modeling_Streamer_TH.out
././Abstract.tex
././AbstractZH.tex
././Introduction.tex
./Results_image/Per_emb_2/mom0&mom1/Per-emb-2_model_vs_mom0_overlay_50.png
./Results_image/Per_emb_2/mom0&mom1/Per-emb-2_model_vs_mom1_overlay_50.png
./Results_image/Per_emb_50/mom0&mom1/Per-emb-50_mom0_cacheonly.png
./Results_image/Per_emb_50/mom0&mom1/Per-emb-50_mom1_cacheonly.png
./Results_image/SCrA/mom0&mom1/SCrA_mom0_cacheonly.png
./Results_image/SCrA/mom0&mom1/SCrA_mom1_cacheonly.png
./Results_image/HLTau/mom0&mom1/HLTau_mom0_cacheonly.png
./Results_image/HLTau/mom0&mom1/HLTau_mom1_cacheonly.png
././Methods.tex
./Results_image/Per_emb_2/mom0&1_centroid/Per-emb-2_weights_cacheonly.png
./Results_image/Per_emb_2/mom0&1_centroid/Per-emb-2_model_vs_mom0_overlay_50.png
./Results_image/Per_emb_2/mom0&1_centroid/Per-emb-2_model_vs_mom1_overlay_50.png
./Results_image/Per_emb_50/mom0&1_centroid/Per-emb-50_weights_cacheonly.png
./Results_image/Per_emb_50/mom0&1_centroid/Per-emb-50_mom0_cacheonly.png
./Results_image/Per_emb_50/mom0&1_centroid/Per-emb-50_mom1_cacheonly.png
./Results_image/SCrA/mom0&1_centroid/SCrA_weights_cacheonly.png
./Results_image/SCrA/mom0&1_centroid/SCrA_mom0_cacheonly.png
./Results_image/SCrA/mom0&1_centroid/SCrA_mom1_cacheonly.png
./Results_image/HLTau/mom0&1_centroid/HLTau_weights_cacheonly.png
./Results_image/HLTau/mom0&1_centroid/HLTau_mom0_cacheonly.png
./Results_image/HLTau/mom0&1_centroid/HLTau_mom1_cacheonly.png
././Results.tex
./Results_image/Per_emb_2/grid_results/mcmc/peak/Per-emb-2_model_vs_mom0_overlay_50.png
./Results_image/Per_emb_2/grid_results/mcmc/median/Per-emb-2_model_vs_mom0_overlay_50.png
./Results_image/Per_emb_2/grid_results/mcmc/peak/Per-emb-2_model_vs_mom1_overlay_50.png
./Results_image/Per_emb_2/grid_results/mcmc/median/Per-emb-2_model_vs_mom1_overlay_50.png
./Results_image/Per_emb_2/grid_results/mcmc/peak/Per-emb-2_z_v_imshow_50.png
./Results_image/Per_emb_2/grid_results/mcmc/median/Per-emb-2_z_v_imshow_50.png
./Results_image/Per_emb_2/grid_results/mcmc/peak/corner_mcmc_grid_peak5d_replot.png
./Results_image/Per_emb_2/grid_results/mcmc/median/corner_mcmc_grid_median_replot.png
./Results_image/Per_emb_50/shell_results/peak/Per-emb-50_mom0_cacheonly.png
./Results_image/Per_emb_50/shell_results/median/Per-emb-50_mom0_cacheonly.png
./Results_image/Per_emb_50/shell_results/peak/Per-emb-50_mom1_cacheonly.png
./Results_image/Per_emb_50/shell_results/median/Per-emb-50_mom1_cacheonly.png
./Results_image/Per_emb_50/shell_results/peak/Per-emb-50_z_v_data_overlay.png
./Results_image/Per_emb_50/shell_results/median/Per-emb-50_z_v_data_overlay.png
./Results_image/Per_emb_50/shell_results/peak/corner_mcmc_shell_peak2d_cacheonly.png
./Results_image/Per_emb_50/shell_results/median/corner_mcmc_shell_median_cacheonly.png
./Results_image/SCrA/grid_results/mcmc/peak/SCrA_mom0_cacheonly.png
./Results_image/SCrA/shell_results/peak/SCrA_mom0_cacheonly.png
./Results_image/SCrA/grid_results/mcmc/peak/SCrA_mom1_cacheonly.png
./Results_image/SCrA/shell_results/peak/SCrA_mom1_cacheonly.png
./Results_image/SCrA/grid_results/mcmc/peak/SCrA_z_v_data_overlay.png
./Results_image/SCrA/shell_results/peak/SCrA_z_v_data_overlay.png
./Results_image/SCrA/grid_results/mcmc/peak/corner_mcmc_grid_peak5d_cacheonly.png
./Results_image/SCrA/shell_results/peak/corner_mcmc_shell_peak5d_cacheonly.png
./Results_image/HLTau/grid_results/mcmc/median/HLTau_mom0_cacheonly.png
./Results_image/HLTau/shell_results/median/HLTau_mom0_cacheonly.png
./Results_image/HLTau/grid_results/mcmc/median/HLTau_mom1_cacheonly.png
./Results_image/HLTau/shell_results/median/HLTau_mom1_cacheonly.png
./Results_image/HLTau/grid_results/mcmc/median/HLTau_z_v_data_overlay.png
./Results_image/HLTau/shell_results/median/HLTau_z_v_data_overlay.png
./Results_image/HLTau/grid_results/mcmc/median/corner_mcmc_grid_median_cacheonly.png
./Results_image/HLTau/shell_results/median/corner_mcmc_shell_median_cacheonly.png
././Discussion.tex
././Conclusion.tex
Modeling_Streamer_TH.bbl
././Appendix.tex
./Results_image/Per_emb_2/grid_results/Per-emb-2_model_vs_mom0_overlay_50.png
./Results_image/Per_emb_2/grid_results/mcmc/peak/Per-emb-2_model_vs_mom0_overlay_50.png
./Results_image/Per_emb_2/grid_results/mcmc/median/Per-emb-2_model_vs_mom0_overlay_50.png
./Results_image/Per_emb_2/grid_results/Per-emb-2_model_vs_mom1_overlay_50.png
./Results_image/Per_emb_2/grid_results/mcmc/peak/Per-emb-2_model_vs_mom1_overlay_50.png
./Results_image/Per_emb_2/grid_results/mcmc/median/Per-emb-2_model_vs_mom1_overlay_50.png
./Results_image/Per_emb_2/grid_results/Per-emb-2_z_v_imshow_50.png
./Results_image/Per_emb_2/grid_results/mcmc/peak/Per-emb-2_z_v_imshow_50.png
./Results_image/Per_emb_2/grid_results/mcmc/median/Per-emb-2_z_v_imshow_50.png
./Results_image/Per_emb_2/grid_results/mcmc/peak/corner_mcmc_grid_peak5d_replot.png
./Results_image/Per_emb_2/grid_results/mcmc/median/corner_mcmc_grid_median_replot.png
./Results_image/Per_emb_50/grid_results/Per-emb-50_mom0_cacheonly.png
./Results_image/Per_emb_50/grid_results/mcmc/peak/Per-emb-50_mom0_cacheonly.png
./Results_image/Per_emb_50/grid_results/mcmc/median/Per-emb-50_mom0_cacheonly.png
./Results_image/Per_emb_50/shell_results/peak/Per-emb-50_mom0_cacheonly.png
./Results_image/Per_emb_50/shell_results/median/Per-emb-50_mom0_cacheonly.png
./Results_image/Per_emb_50/grid_results/Per-emb-50_mom1_cacheonly.png
./Results_image/Per_emb_50/grid_results/mcmc/peak/Per-emb-50_mom1_cacheonly.png
./Results_image/Per_emb_50/grid_results/mcmc/median/Per-emb-50_mom1_cacheonly.png
./Results_image/Per_emb_50/shell_results/peak/Per-emb-50_mom1_cacheonly.png
./Results_image/Per_emb_50/shell_results/median/Per-emb-50_mom1_cacheonly.png
./Results_image/Per_emb_50/grid_results/Per-emb-50_z_v_data_overlay.png
./Results_image/Per_emb_50/grid_results/mcmc/peak/Per-emb-50_z_v_data_overlay.png
./Results_image/Per_emb_50/grid_results/mcmc/median/Per-emb-50_z_v_data_overlay.png
./Results_image/Per_emb_50/shell_results/peak/Per-emb-50_z_v_data_overlay.png
./Results_image/Per_emb_50/shell_results/median/Per-emb-50_z_v_data_overlay.png
./Results_image/Per_emb_50/grid_results/mcmc/peak/corner_mcmc_grid_peak5d_cacheonly.png
./Results_image/Per_emb_50/grid_results/mcmc/median/corner_mcmc_grid_median_cacheonly.png
./Results_image/Per_emb_50/shell_results/peak/corner_mcmc_shell_peak5d_cacheonly.png
./Results_image/Per_emb_50/shell_results/median/corner_mcmc_shell_median_cacheonly.png
./Results_image/SCrA/grid_results/SCrA_mom0_cacheonly.png
./Results_image/SCrA/grid_results/mcmc/peak/SCrA_mom0_cacheonly.png
./Results_image/SCrA/grid_results/mcmc/median/SCrA_mom0_cacheonly.png
./Results_image/SCrA/shell_results/peak/SCrA_mom0_cacheonly.png
./Results_image/SCrA/shell_results/median/SCrA_mom0_cacheonly.png
./Results_image/SCrA/grid_results/SCrA_mom1_cacheonly.png
./Results_image/SCrA/grid_results/mcmc/peak/SCrA_mom1_cacheonly.png
./Results_image/SCrA/grid_results/mcmc/median/SCrA_mom1_cacheonly.png
./Results_image/SCrA/shell_results/peak/SCrA_mom1_cacheonly.png
./Results_image/SCrA/shell_results/median/SCrA_mom1_cacheonly.png
./Results_image/SCrA/grid_results/SCrA_z_v_data_overlay.png
./Results_image/SCrA/grid_results/mcmc/peak/SCrA_z_v_data_overlay.png
./Results_image/SCrA/grid_results/mcmc/median/SCrA_z_v_data_overlay.png
./Results_image/SCrA/shell_results/peak/SCrA_z_v_data_overlay.png
./Results_image/SCrA/shell_results/median/SCrA_z_v_data_overlay.png
./Results_image/SCrA/grid_results/mcmc/peak/corner_mcmc_grid_peak5d_cacheonly.png
./Results_image/SCrA/grid_results/mcmc/median/corner_mcmc_grid_median_cacheonly.png
./Results_image/SCrA/shell_results/peak/corner_mcmc_shell_peak5d_cacheonly.png
./Results_image/SCrA/shell_results/median/corner_mcmc_shell_median_cacheonly.png
./Results_image/HLTau/grid_results/HLTau_mom0_cacheonly.png
./Results_image/HLTau/grid_results/mcmc/peak/HLTau_mom0_cacheonly.png
./Results_image/HLTau/grid_results/mcmc/median/HLTau_mom0_cacheonly.png
./Results_image/HLTau/shell_results/peak/HLTau_mom0_cacheonly.png
./Results_image/HLTau/shell_results/median/HLTau_mom0_cacheonly.png
./Results_image/HLTau/grid_results/HLTau_mom1_cacheonly.png
./Results_image/HLTau/grid_results/mcmc/peak/HLTau_mom1_cacheonly.png
./Results_image/HLTau/grid_results/mcmc/median/HLTau_mom1_cacheonly.png
./Results_image/HLTau/shell_results/peak/HLTau_mom1_cacheonly.png
./Results_image/HLTau/shell_results/median/HLTau_mom1_cacheonly.png
./Results_image/HLTau/grid_results/HLTau_z_v_data_overlay.png
./Results_image/HLTau/grid_results/mcmc/peak/HLTau_z_v_data_overlay.png
./Results_image/HLTau/grid_results/mcmc/median/HLTau_z_v_data_overlay.png
./Results_image/HLTau/shell_results/peak/HLTau_z_v_data_overlay.png
./Results_image/HLTau/shell_results/median/HLTau_z_v_data_overlay.png
./Results_image/HLTau/grid_results/mcmc/peak/corner_mcmc_grid_peak5d_cacheonly.png
./Results_image/HLTau/grid_results/mcmc/median/corner_mcmc_grid_median_cacheonly.png
./Results_image/HLTau/shell_results/peak/corner_mcmc_shell_peak5d_cacheonly.png
./Results_image/HLTau/shell_results/median/corner_mcmc_shell_median_cacheonly.png
 ***********

Package rerunfilecheck Info: File `Modeling_Streamer_TH.out' has not changed.
(rerunfilecheck)             Checksum: FA0F1DC1A7EE58DEFFBAFFAF7C01B974;8688.
 ) 
Here is how much of TeX's memory you used:
 29825 strings out of 473832
 662770 string characters out of 5729482
 1121021 words of memory out of 5000000
 52281 multiletter control sequences out of 15000+600000
 564943 words of font info for 80 fonts, out of 8000000 for 9000
 1348 hyphenation exceptions out of 8191
 117i,19n,121p,2645b,794s stack positions out of 10000i,1000n,20000p,200000b,200000s

Output written on Modeling_Streamer_TH.xdv (105 pages, 1153816 bytes).
